2019-07-08 17:58:09.362  INFO 1971 --- [main] c.m.f.task_server.TaskServerApplication  : Starting TaskServerApplication on Corkines-Mac.local with PID 1971 (started by corkine in /Users/corkine/工作文件夹/codeServer/taskServer)
2019-07-08 17:58:09.363 DEBUG 1971 --- [main] c.m.f.task_server.TaskServerApplication  : Running with Spring Boot v2.1.6.RELEASE, Spring v5.1.8.RELEASE
2019-07-08 17:58:09.364  INFO 1971 --- [main] c.m.f.task_server.TaskServerApplication  : The following profiles are active: test
2019-07-08 17:58:10.077  INFO 1971 --- [main] .s.d.r.c.RepositoryConfigurationDelegate : Bootstrapping Spring Data repositories in DEFAULT mode.
2019-07-08 17:58:10.125  INFO 1971 --- [main] .s.d.r.c.RepositoryConfigurationDelegate : Finished Spring Data repository scanning in 43ms. Found 2 repository interfaces.
2019-07-08 17:58:10.340  INFO 1971 --- [main] trationDelegate$BeanPostProcessorChecker : Bean 'shiroConfig' of type [com.mazhangjing.fast.task_server.security.ShiroConfig$$EnhancerBySpringCGLIB$$ddaf79e7] is not eligible for getting processed by all BeanPostProcessors (for example: not eligible for auto-proxying)
2019-07-08 17:58:10.374  INFO 1971 --- [main] trationDelegate$BeanPostProcessorChecker : Bean 'loginService' of type [com.mazhangjing.fast.task_server.service.LoginService] is not eligible for getting processed by all BeanPostProcessors (for example: not eligible for auto-proxying)
2019-07-08 17:58:10.375  INFO 1971 --- [main] trationDelegate$BeanPostProcessorChecker : Bean 'simpleRealm' of type [com.mazhangjing.fast.task_server.security.SimpleRealm] is not eligible for getting processed by all BeanPostProcessors (for example: not eligible for auto-proxying)
2019-07-08 17:58:10.376  INFO 1971 --- [main] trationDelegate$BeanPostProcessorChecker : Bean 'authenticator' of type [org.apache.shiro.authc.pam.ModularRealmAuthenticator] is not eligible for getting processed by all BeanPostProcessors (for example: not eligible for auto-proxying)
2019-07-08 17:58:10.507  INFO 1971 --- [main] trationDelegate$BeanPostProcessorChecker : Bean 'securityManager' of type [org.apache.shiro.web.mgt.DefaultWebSecurityManager] is not eligible for getting processed by all BeanPostProcessors (for example: not eligible for auto-proxying)
2019-07-08 17:58:10.534  INFO 1971 --- [main] trationDelegate$BeanPostProcessorChecker : Bean 'authorizationAttributeSourceAdvisor' of type [org.apache.shiro.spring.security.interceptor.AuthorizationAttributeSourceAdvisor] is not eligible for getting processed by all BeanPostProcessors (for example: not eligible for auto-proxying)
2019-07-08 17:58:10.557  INFO 1971 --- [main] trationDelegate$BeanPostProcessorChecker : Bean 'org.springframework.transaction.annotation.ProxyTransactionManagementConfiguration' of type [org.springframework.transaction.annotation.ProxyTransactionManagementConfiguration$$EnhancerBySpringCGLIB$$fcee5c45] is not eligible for getting processed by all BeanPostProcessors (for example: not eligible for auto-proxying)
2019-07-08 17:58:10.805  INFO 1971 --- [main] o.s.b.w.embedded.tomcat.TomcatWebServer  : Tomcat initialized with port(s): 8080 (http)
2019-07-08 17:58:10.825  INFO 1971 --- [main] o.apache.catalina.core.StandardService   : Starting service [Tomcat]
2019-07-08 17:58:10.825  INFO 1971 --- [main] org.apache.catalina.core.StandardEngine  : Starting Servlet engine: [Apache Tomcat/9.0.21]
2019-07-08 17:58:10.942  INFO 1971 --- [main] o.a.c.c.C.[Tomcat].[localhost].[/]       : Initializing Spring embedded WebApplicationContext
2019-07-08 17:58:10.942  INFO 1971 --- [main] o.s.web.context.ContextLoader            : Root WebApplicationContext: initialization completed in 1521 ms
2019-07-08 17:58:11.173  INFO 1971 --- [main] com.zaxxer.hikari.HikariDataSource       : HikariPool-1 - Starting...
2019-07-08 17:58:11.323  INFO 1971 --- [main] com.zaxxer.hikari.HikariDataSource       : HikariPool-1 - Start completed.
2019-07-08 17:58:11.353  INFO 1971 --- [main] o.hibernate.jpa.internal.util.LogHelper  : HHH000204: Processing PersistenceUnitInfo [
	name: default
	...]
2019-07-08 17:58:11.397  INFO 1971 --- [main] org.hibernate.Version                    : HHH000412: Hibernate Core {5.3.10.Final}
2019-07-08 17:58:11.398  INFO 1971 --- [main] org.hibernate.cfg.Environment            : HHH000206: hibernate.properties not found
2019-07-08 17:58:11.491  INFO 1971 --- [main] o.hibernate.annotations.common.Version   : HCANN000001: Hibernate Commons Annotations {5.0.4.Final}
2019-07-08 17:58:11.569  INFO 1971 --- [main] org.hibernate.dialect.Dialect            : HHH000400: Using dialect: org.hibernate.dialect.MySQL8Dialect
2019-07-08 17:58:12.009  INFO 1971 --- [main] j.LocalContainerEntityManagerFactoryBean : Initialized JPA EntityManagerFactory for persistence unit 'default'
2019-07-08 17:58:12.275  INFO 1971 --- [main] o.h.h.i.QueryTranslatorFactoryInitiator  : HHH000397: Using ASTQueryTranslatorFactory
2019-07-08 17:58:12.528  INFO 1971 --- [main] o.s.s.concurrent.ThreadPoolTaskExecutor  : Initializing ExecutorService 'applicationTaskExecutor'
2019-07-08 17:58:12.563  WARN 1971 --- [main] aWebConfiguration$JpaWebMvcConfiguration : spring.jpa.open-in-view is enabled by default. Therefore, database queries may be performed during view rendering. Explicitly configure spring.jpa.open-in-view to disable this warning
2019-07-08 17:58:12.965  INFO 1971 --- [main] o.s.b.a.w.s.WelcomePageHandlerMapping    : Adding welcome page template: index
2019-07-08 17:58:13.021  INFO 1971 --- [main] o.s.s.c.ThreadPoolTaskScheduler          : Initializing ExecutorService 'taskScheduler'
2019-07-08 17:58:13.092  INFO 1971 --- [main] o.s.b.w.embedded.tomcat.TomcatWebServer  : Tomcat started on port(s): 8080 (http) with context path ''
2019-07-08 17:58:13.095  INFO 1971 --- [main] c.m.f.task_server.TaskServerApplication  : Started TaskServerApplication in 4.151 seconds (JVM running for 4.855)
2019-07-08 18:16:32.449  INFO 1971 --- [Thread-11] o.s.s.c.ThreadPoolTaskScheduler          : Shutting down ExecutorService 'taskScheduler'
2019-07-08 18:16:32.454  INFO 1971 --- [Thread-11] o.s.s.concurrent.ThreadPoolTaskExecutor  : Shutting down ExecutorService 'applicationTaskExecutor'
2019-07-08 18:16:32.456  INFO 1971 --- [Thread-11] j.LocalContainerEntityManagerFactoryBean : Closing JPA EntityManagerFactory for persistence unit 'default'
2019-07-08 18:16:32.466  INFO 1971 --- [Thread-11] com.zaxxer.hikari.HikariDataSource       : HikariPool-1 - Shutdown initiated...
2019-07-08 18:16:32.474  INFO 1971 --- [Thread-11] com.zaxxer.hikari.HikariDataSource       : HikariPool-1 - Shutdown completed.
2019-07-08 18:16:58.921  INFO 1990 --- [main] c.m.f.task_server.TaskServerApplication  : Starting TaskServerApplication on Corkines-Mac.local with PID 1990 (started by corkine in /Users/corkine/工作文件夹/codeServer/taskServer)
2019-07-08 18:16:58.923 DEBUG 1990 --- [main] c.m.f.task_server.TaskServerApplication  : Running with Spring Boot v2.1.6.RELEASE, Spring v5.1.8.RELEASE
2019-07-08 18:16:58.923  INFO 1990 --- [main] c.m.f.task_server.TaskServerApplication  : The following profiles are active: test
2019-07-08 18:16:59.521  INFO 1990 --- [main] .s.d.r.c.RepositoryConfigurationDelegate : Bootstrapping Spring Data repositories in DEFAULT mode.
2019-07-08 18:16:59.573  INFO 1990 --- [main] .s.d.r.c.RepositoryConfigurationDelegate : Finished Spring Data repository scanning in 45ms. Found 2 repository interfaces.
2019-07-08 18:16:59.780  INFO 1990 --- [main] trationDelegate$BeanPostProcessorChecker : Bean 'shiroConfig' of type [com.mazhangjing.fast.task_server.security.ShiroConfig$$EnhancerBySpringCGLIB$$a868d3a4] is not eligible for getting processed by all BeanPostProcessors (for example: not eligible for auto-proxying)
2019-07-08 18:16:59.802  INFO 1990 --- [main] trationDelegate$BeanPostProcessorChecker : Bean 'loginService' of type [com.mazhangjing.fast.task_server.service.LoginService] is not eligible for getting processed by all BeanPostProcessors (for example: not eligible for auto-proxying)
2019-07-08 18:16:59.803  INFO 1990 --- [main] trationDelegate$BeanPostProcessorChecker : Bean 'simpleRealm' of type [com.mazhangjing.fast.task_server.security.SimpleRealm] is not eligible for getting processed by all BeanPostProcessors (for example: not eligible for auto-proxying)
2019-07-08 18:16:59.804  INFO 1990 --- [main] trationDelegate$BeanPostProcessorChecker : Bean 'authenticator' of type [org.apache.shiro.authc.pam.ModularRealmAuthenticator] is not eligible for getting processed by all BeanPostProcessors (for example: not eligible for auto-proxying)
2019-07-08 18:16:59.962  INFO 1990 --- [main] trationDelegate$BeanPostProcessorChecker : Bean 'securityManager' of type [org.apache.shiro.web.mgt.DefaultWebSecurityManager] is not eligible for getting processed by all BeanPostProcessors (for example: not eligible for auto-proxying)
2019-07-08 18:16:59.995  INFO 1990 --- [main] trationDelegate$BeanPostProcessorChecker : Bean 'authorizationAttributeSourceAdvisor' of type [org.apache.shiro.spring.security.interceptor.AuthorizationAttributeSourceAdvisor] is not eligible for getting processed by all BeanPostProcessors (for example: not eligible for auto-proxying)
2019-07-08 18:17:00.021  INFO 1990 --- [main] trationDelegate$BeanPostProcessorChecker : Bean 'org.springframework.transaction.annotation.ProxyTransactionManagementConfiguration' of type [org.springframework.transaction.annotation.ProxyTransactionManagementConfiguration$$EnhancerBySpringCGLIB$$c7a7b602] is not eligible for getting processed by all BeanPostProcessors (for example: not eligible for auto-proxying)
2019-07-08 18:17:00.232  INFO 1990 --- [main] o.s.b.w.embedded.tomcat.TomcatWebServer  : Tomcat initialized with port(s): 8080 (http)
2019-07-08 18:17:00.248  INFO 1990 --- [main] o.apache.catalina.core.StandardService   : Starting service [Tomcat]
2019-07-08 18:17:00.248  INFO 1990 --- [main] org.apache.catalina.core.StandardEngine  : Starting Servlet engine: [Apache Tomcat/9.0.21]
2019-07-08 18:17:00.333  INFO 1990 --- [main] o.a.c.c.C.[Tomcat].[localhost].[/]       : Initializing Spring embedded WebApplicationContext
2019-07-08 18:17:00.333  INFO 1990 --- [main] o.s.web.context.ContextLoader            : Root WebApplicationContext: initialization completed in 1377 ms
2019-07-08 18:17:00.561  INFO 1990 --- [main] com.zaxxer.hikari.HikariDataSource       : HikariPool-1 - Starting...
2019-07-08 18:17:00.705  INFO 1990 --- [main] com.zaxxer.hikari.HikariDataSource       : HikariPool-1 - Start completed.
2019-07-08 18:17:00.735  INFO 1990 --- [main] o.hibernate.jpa.internal.util.LogHelper  : HHH000204: Processing PersistenceUnitInfo [
	name: default
	...]
2019-07-08 18:17:00.777  INFO 1990 --- [main] org.hibernate.Version                    : HHH000412: Hibernate Core {5.3.10.Final}
2019-07-08 18:17:00.778  INFO 1990 --- [main] org.hibernate.cfg.Environment            : HHH000206: hibernate.properties not found
2019-07-08 18:17:00.869  INFO 1990 --- [main] o.hibernate.annotations.common.Version   : HCANN000001: Hibernate Commons Annotations {5.0.4.Final}
2019-07-08 18:17:00.949  INFO 1990 --- [main] org.hibernate.dialect.Dialect            : HHH000400: Using dialect: org.hibernate.dialect.MySQL8Dialect
2019-07-08 18:17:01.370  INFO 1990 --- [main] j.LocalContainerEntityManagerFactoryBean : Initialized JPA EntityManagerFactory for persistence unit 'default'
2019-07-08 18:17:01.632  INFO 1990 --- [main] o.h.h.i.QueryTranslatorFactoryInitiator  : HHH000397: Using ASTQueryTranslatorFactory
2019-07-08 18:17:01.912  INFO 1990 --- [main] o.s.s.concurrent.ThreadPoolTaskExecutor  : Initializing ExecutorService 'applicationTaskExecutor'
2019-07-08 18:17:01.945  WARN 1990 --- [main] aWebConfiguration$JpaWebMvcConfiguration : spring.jpa.open-in-view is enabled by default. Therefore, database queries may be performed during view rendering. Explicitly configure spring.jpa.open-in-view to disable this warning
2019-07-08 18:17:02.343  INFO 1990 --- [main] o.s.b.a.w.s.WelcomePageHandlerMapping    : Adding welcome page template: index
2019-07-08 18:17:02.396  INFO 1990 --- [main] o.s.s.c.ThreadPoolTaskScheduler          : Initializing ExecutorService 'taskScheduler'
2019-07-08 18:17:02.465 DEBUG 1990 --- [scheduling-1] org.hibernate.SQL                        : select task0_.id as id1_0_, task0_.data as data2_0_, task0_.information as informat3_0_, task0_.remain_failed_retry_time as remain_f4_0_, task0_.result as result5_0_, task0_.status as status6_0_, task0_.task_group as task_gro7_0_, task0_.update_time as update_t8_0_, task0_.worker_promise_return_seconds as worker_p9_0_ from task_tab task0_ where task0_.status=?
2019-07-08 18:17:02.469  INFO 1990 --- [main] o.s.b.w.embedded.tomcat.TomcatWebServer  : Tomcat started on port(s): 8080 (http) with context path ''
2019-07-08 18:17:02.471  INFO 1990 --- [main] c.m.f.task_server.TaskServerApplication  : Started TaskServerApplication in 3.986 seconds (JVM running for 4.724)
2019-07-08 18:17:02.510 DEBUG 1990 --- [scheduling-1] org.hibernate.SQL                        : select task0_.id as id1_0_, task0_.data as data2_0_, task0_.information as informat3_0_, task0_.remain_failed_retry_time as remain_f4_0_, task0_.result as result5_0_, task0_.status as status6_0_, task0_.task_group as task_gro7_0_, task0_.update_time as update_t8_0_, task0_.worker_promise_return_seconds as worker_p9_0_ from task_tab task0_ where task0_.status=?
2019-07-08 18:17:12.442 DEBUG 1990 --- [scheduling-1] org.hibernate.SQL                        : select task0_.id as id1_0_, task0_.data as data2_0_, task0_.information as informat3_0_, task0_.remain_failed_retry_time as remain_f4_0_, task0_.result as result5_0_, task0_.status as status6_0_, task0_.task_group as task_gro7_0_, task0_.update_time as update_t8_0_, task0_.worker_promise_return_seconds as worker_p9_0_ from task_tab task0_ where task0_.status=?
2019-07-08 18:17:12.445 DEBUG 1990 --- [scheduling-1] org.hibernate.SQL                        : select task0_.id as id1_0_, task0_.data as data2_0_, task0_.information as informat3_0_, task0_.remain_failed_retry_time as remain_f4_0_, task0_.result as result5_0_, task0_.status as status6_0_, task0_.task_group as task_gro7_0_, task0_.update_time as update_t8_0_, task0_.worker_promise_return_seconds as worker_p9_0_ from task_tab task0_ where task0_.status=?
2019-07-08 18:17:22.440 DEBUG 1990 --- [scheduling-1] org.hibernate.SQL                        : select task0_.id as id1_0_, task0_.data as data2_0_, task0_.information as informat3_0_, task0_.remain_failed_retry_time as remain_f4_0_, task0_.result as result5_0_, task0_.status as status6_0_, task0_.task_group as task_gro7_0_, task0_.update_time as update_t8_0_, task0_.worker_promise_return_seconds as worker_p9_0_ from task_tab task0_ where task0_.status=?
2019-07-08 18:17:22.443 DEBUG 1990 --- [scheduling-1] org.hibernate.SQL                        : select task0_.id as id1_0_, task0_.data as data2_0_, task0_.information as informat3_0_, task0_.remain_failed_retry_time as remain_f4_0_, task0_.result as result5_0_, task0_.status as status6_0_, task0_.task_group as task_gro7_0_, task0_.update_time as update_t8_0_, task0_.worker_promise_return_seconds as worker_p9_0_ from task_tab task0_ where task0_.status=?
2019-07-08 18:17:32.438 DEBUG 1990 --- [scheduling-1] org.hibernate.SQL                        : select task0_.id as id1_0_, task0_.data as data2_0_, task0_.information as informat3_0_, task0_.remain_failed_retry_time as remain_f4_0_, task0_.result as result5_0_, task0_.status as status6_0_, task0_.task_group as task_gro7_0_, task0_.update_time as update_t8_0_, task0_.worker_promise_return_seconds as worker_p9_0_ from task_tab task0_ where task0_.status=?
2019-07-08 18:17:32.442 DEBUG 1990 --- [scheduling-1] org.hibernate.SQL                        : select task0_.id as id1_0_, task0_.data as data2_0_, task0_.information as informat3_0_, task0_.remain_failed_retry_time as remain_f4_0_, task0_.result as result5_0_, task0_.status as status6_0_, task0_.task_group as task_gro7_0_, task0_.update_time as update_t8_0_, task0_.worker_promise_return_seconds as worker_p9_0_ from task_tab task0_ where task0_.status=?
2019-07-08 18:17:42.436 DEBUG 1990 --- [scheduling-1] org.hibernate.SQL                        : select task0_.id as id1_0_, task0_.data as data2_0_, task0_.information as informat3_0_, task0_.remain_failed_retry_time as remain_f4_0_, task0_.result as result5_0_, task0_.status as status6_0_, task0_.task_group as task_gro7_0_, task0_.update_time as update_t8_0_, task0_.worker_promise_return_seconds as worker_p9_0_ from task_tab task0_ where task0_.status=?
2019-07-08 18:17:42.438 DEBUG 1990 --- [scheduling-1] org.hibernate.SQL                        : select task0_.id as id1_0_, task0_.data as data2_0_, task0_.information as informat3_0_, task0_.remain_failed_retry_time as remain_f4_0_, task0_.result as result5_0_, task0_.status as status6_0_, task0_.task_group as task_gro7_0_, task0_.update_time as update_t8_0_, task0_.worker_promise_return_seconds as worker_p9_0_ from task_tab task0_ where task0_.status=?
2019-07-08 18:17:52.436 DEBUG 1990 --- [scheduling-1] org.hibernate.SQL                        : select task0_.id as id1_0_, task0_.data as data2_0_, task0_.information as informat3_0_, task0_.remain_failed_retry_time as remain_f4_0_, task0_.result as result5_0_, task0_.status as status6_0_, task0_.task_group as task_gro7_0_, task0_.update_time as update_t8_0_, task0_.worker_promise_return_seconds as worker_p9_0_ from task_tab task0_ where task0_.status=?
2019-07-08 18:17:52.438 DEBUG 1990 --- [scheduling-1] org.hibernate.SQL                        : select task0_.id as id1_0_, task0_.data as data2_0_, task0_.information as informat3_0_, task0_.remain_failed_retry_time as remain_f4_0_, task0_.result as result5_0_, task0_.status as status6_0_, task0_.task_group as task_gro7_0_, task0_.update_time as update_t8_0_, task0_.worker_promise_return_seconds as worker_p9_0_ from task_tab task0_ where task0_.status=?
2019-07-08 18:18:02.436 DEBUG 1990 --- [scheduling-1] org.hibernate.SQL                        : select task0_.id as id1_0_, task0_.data as data2_0_, task0_.information as informat3_0_, task0_.remain_failed_retry_time as remain_f4_0_, task0_.result as result5_0_, task0_.status as status6_0_, task0_.task_group as task_gro7_0_, task0_.update_time as update_t8_0_, task0_.worker_promise_return_seconds as worker_p9_0_ from task_tab task0_ where task0_.status=?
2019-07-08 18:18:02.439 DEBUG 1990 --- [scheduling-1] org.hibernate.SQL                        : select task0_.id as id1_0_, task0_.data as data2_0_, task0_.information as informat3_0_, task0_.remain_failed_retry_time as remain_f4_0_, task0_.result as result5_0_, task0_.status as status6_0_, task0_.task_group as task_gro7_0_, task0_.update_time as update_t8_0_, task0_.worker_promise_return_seconds as worker_p9_0_ from task_tab task0_ where task0_.status=?
2019-07-08 18:18:12.436 DEBUG 1990 --- [scheduling-1] org.hibernate.SQL                        : select task0_.id as id1_0_, task0_.data as data2_0_, task0_.information as informat3_0_, task0_.remain_failed_retry_time as remain_f4_0_, task0_.result as result5_0_, task0_.status as status6_0_, task0_.task_group as task_gro7_0_, task0_.update_time as update_t8_0_, task0_.worker_promise_return_seconds as worker_p9_0_ from task_tab task0_ where task0_.status=?
2019-07-08 18:18:12.440 DEBUG 1990 --- [scheduling-1] org.hibernate.SQL                        : select task0_.id as id1_0_, task0_.data as data2_0_, task0_.information as informat3_0_, task0_.remain_failed_retry_time as remain_f4_0_, task0_.result as result5_0_, task0_.status as status6_0_, task0_.task_group as task_gro7_0_, task0_.update_time as update_t8_0_, task0_.worker_promise_return_seconds as worker_p9_0_ from task_tab task0_ where task0_.status=?
2019-07-08 18:18:22.437 DEBUG 1990 --- [scheduling-1] org.hibernate.SQL                        : select task0_.id as id1_0_, task0_.data as data2_0_, task0_.information as informat3_0_, task0_.remain_failed_retry_time as remain_f4_0_, task0_.result as result5_0_, task0_.status as status6_0_, task0_.task_group as task_gro7_0_, task0_.update_time as update_t8_0_, task0_.worker_promise_return_seconds as worker_p9_0_ from task_tab task0_ where task0_.status=?
2019-07-08 18:18:22.439 DEBUG 1990 --- [scheduling-1] org.hibernate.SQL                        : select task0_.id as id1_0_, task0_.data as data2_0_, task0_.information as informat3_0_, task0_.remain_failed_retry_time as remain_f4_0_, task0_.result as result5_0_, task0_.status as status6_0_, task0_.task_group as task_gro7_0_, task0_.update_time as update_t8_0_, task0_.worker_promise_return_seconds as worker_p9_0_ from task_tab task0_ where task0_.status=?
2019-07-08 18:18:32.434 DEBUG 1990 --- [scheduling-1] org.hibernate.SQL                        : select task0_.id as id1_0_, task0_.data as data2_0_, task0_.information as informat3_0_, task0_.remain_failed_retry_time as remain_f4_0_, task0_.result as result5_0_, task0_.status as status6_0_, task0_.task_group as task_gro7_0_, task0_.update_time as update_t8_0_, task0_.worker_promise_return_seconds as worker_p9_0_ from task_tab task0_ where task0_.status=?
2019-07-08 18:18:32.437 DEBUG 1990 --- [scheduling-1] org.hibernate.SQL                        : select task0_.id as id1_0_, task0_.data as data2_0_, task0_.information as informat3_0_, task0_.remain_failed_retry_time as remain_f4_0_, task0_.result as result5_0_, task0_.status as status6_0_, task0_.task_group as task_gro7_0_, task0_.update_time as update_t8_0_, task0_.worker_promise_return_seconds as worker_p9_0_ from task_tab task0_ where task0_.status=?
2019-07-08 18:18:42.434 DEBUG 1990 --- [scheduling-1] org.hibernate.SQL                        : select task0_.id as id1_0_, task0_.data as data2_0_, task0_.information as informat3_0_, task0_.remain_failed_retry_time as remain_f4_0_, task0_.result as result5_0_, task0_.status as status6_0_, task0_.task_group as task_gro7_0_, task0_.update_time as update_t8_0_, task0_.worker_promise_return_seconds as worker_p9_0_ from task_tab task0_ where task0_.status=?
2019-07-08 18:18:42.438 DEBUG 1990 --- [scheduling-1] org.hibernate.SQL                        : select task0_.id as id1_0_, task0_.data as data2_0_, task0_.information as informat3_0_, task0_.remain_failed_retry_time as remain_f4_0_, task0_.result as result5_0_, task0_.status as status6_0_, task0_.task_group as task_gro7_0_, task0_.update_time as update_t8_0_, task0_.worker_promise_return_seconds as worker_p9_0_ from task_tab task0_ where task0_.status=?
2019-07-08 18:18:52.436 DEBUG 1990 --- [scheduling-1] org.hibernate.SQL                        : select task0_.id as id1_0_, task0_.data as data2_0_, task0_.information as informat3_0_, task0_.remain_failed_retry_time as remain_f4_0_, task0_.result as result5_0_, task0_.status as status6_0_, task0_.task_group as task_gro7_0_, task0_.update_time as update_t8_0_, task0_.worker_promise_return_seconds as worker_p9_0_ from task_tab task0_ where task0_.status=?
2019-07-08 18:18:52.439 DEBUG 1990 --- [scheduling-1] org.hibernate.SQL                        : select task0_.id as id1_0_, task0_.data as data2_0_, task0_.information as informat3_0_, task0_.remain_failed_retry_time as remain_f4_0_, task0_.result as result5_0_, task0_.status as status6_0_, task0_.task_group as task_gro7_0_, task0_.update_time as update_t8_0_, task0_.worker_promise_return_seconds as worker_p9_0_ from task_tab task0_ where task0_.status=?
2019-07-08 18:19:02.438 DEBUG 1990 --- [scheduling-1] org.hibernate.SQL                        : select task0_.id as id1_0_, task0_.data as data2_0_, task0_.information as informat3_0_, task0_.remain_failed_retry_time as remain_f4_0_, task0_.result as result5_0_, task0_.status as status6_0_, task0_.task_group as task_gro7_0_, task0_.update_time as update_t8_0_, task0_.worker_promise_return_seconds as worker_p9_0_ from task_tab task0_ where task0_.status=?
2019-07-08 18:19:02.440 DEBUG 1990 --- [scheduling-1] org.hibernate.SQL                        : select task0_.id as id1_0_, task0_.data as data2_0_, task0_.information as informat3_0_, task0_.remain_failed_retry_time as remain_f4_0_, task0_.result as result5_0_, task0_.status as status6_0_, task0_.task_group as task_gro7_0_, task0_.update_time as update_t8_0_, task0_.worker_promise_return_seconds as worker_p9_0_ from task_tab task0_ where task0_.status=?
2019-07-08 18:19:12.437 DEBUG 1990 --- [scheduling-1] org.hibernate.SQL                        : select task0_.id as id1_0_, task0_.data as data2_0_, task0_.information as informat3_0_, task0_.remain_failed_retry_time as remain_f4_0_, task0_.result as result5_0_, task0_.status as status6_0_, task0_.task_group as task_gro7_0_, task0_.update_time as update_t8_0_, task0_.worker_promise_return_seconds as worker_p9_0_ from task_tab task0_ where task0_.status=?
2019-07-08 18:19:12.440 DEBUG 1990 --- [scheduling-1] org.hibernate.SQL                        : select task0_.id as id1_0_, task0_.data as data2_0_, task0_.information as informat3_0_, task0_.remain_failed_retry_time as remain_f4_0_, task0_.result as result5_0_, task0_.status as status6_0_, task0_.task_group as task_gro7_0_, task0_.update_time as update_t8_0_, task0_.worker_promise_return_seconds as worker_p9_0_ from task_tab task0_ where task0_.status=?
2019-07-08 18:19:22.436 DEBUG 1990 --- [scheduling-1] org.hibernate.SQL                        : select task0_.id as id1_0_, task0_.data as data2_0_, task0_.information as informat3_0_, task0_.remain_failed_retry_time as remain_f4_0_, task0_.result as result5_0_, task0_.status as status6_0_, task0_.task_group as task_gro7_0_, task0_.update_time as update_t8_0_, task0_.worker_promise_return_seconds as worker_p9_0_ from task_tab task0_ where task0_.status=?
2019-07-08 18:19:22.438 DEBUG 1990 --- [scheduling-1] org.hibernate.SQL                        : select task0_.id as id1_0_, task0_.data as data2_0_, task0_.information as informat3_0_, task0_.remain_failed_retry_time as remain_f4_0_, task0_.result as result5_0_, task0_.status as status6_0_, task0_.task_group as task_gro7_0_, task0_.update_time as update_t8_0_, task0_.worker_promise_return_seconds as worker_p9_0_ from task_tab task0_ where task0_.status=?
2019-07-08 18:19:27.369  INFO 1990 --- [Thread-11] o.s.s.c.ThreadPoolTaskScheduler          : Shutting down ExecutorService 'taskScheduler'
2019-07-08 18:19:27.369  INFO 1990 --- [Thread-11] o.s.s.concurrent.ThreadPoolTaskExecutor  : Shutting down ExecutorService 'applicationTaskExecutor'
2019-07-08 18:19:27.370  INFO 1990 --- [Thread-11] j.LocalContainerEntityManagerFactoryBean : Closing JPA EntityManagerFactory for persistence unit 'default'
2019-07-08 18:19:27.372  INFO 1990 --- [Thread-11] com.zaxxer.hikari.HikariDataSource       : HikariPool-1 - Shutdown initiated...
2019-07-08 18:19:27.378  INFO 1990 --- [Thread-11] com.zaxxer.hikari.HikariDataSource       : HikariPool-1 - Shutdown completed.
2019-07-08 18:19:30.565  INFO 1994 --- [main] c.m.f.task_server.TaskServerApplication  : Starting TaskServerApplication on Corkines-Mac.local with PID 1994 (started by corkine in /Users/corkine/工作文件夹/codeServer/taskServer)
2019-07-08 18:19:30.567 DEBUG 1994 --- [main] c.m.f.task_server.TaskServerApplication  : Running with Spring Boot v2.1.6.RELEASE, Spring v5.1.8.RELEASE
2019-07-08 18:19:30.567  INFO 1994 --- [main] c.m.f.task_server.TaskServerApplication  : The following profiles are active: test
2019-07-08 18:19:31.078  INFO 1994 --- [main] .s.d.r.c.RepositoryConfigurationDelegate : Bootstrapping Spring Data repositories in DEFAULT mode.
2019-07-08 18:19:31.129  INFO 1994 --- [main] .s.d.r.c.RepositoryConfigurationDelegate : Finished Spring Data repository scanning in 46ms. Found 2 repository interfaces.
2019-07-08 18:19:31.339  INFO 1994 --- [main] trationDelegate$BeanPostProcessorChecker : Bean 'shiroConfig' of type [com.mazhangjing.fast.task_server.security.ShiroConfig$$EnhancerBySpringCGLIB$$a15ac23a] is not eligible for getting processed by all BeanPostProcessors (for example: not eligible for auto-proxying)
2019-07-08 18:19:31.360  INFO 1994 --- [main] trationDelegate$BeanPostProcessorChecker : Bean 'loginService' of type [com.mazhangjing.fast.task_server.service.LoginService] is not eligible for getting processed by all BeanPostProcessors (for example: not eligible for auto-proxying)
2019-07-08 18:19:31.361  INFO 1994 --- [main] trationDelegate$BeanPostProcessorChecker : Bean 'simpleRealm' of type [com.mazhangjing.fast.task_server.security.SimpleRealm] is not eligible for getting processed by all BeanPostProcessors (for example: not eligible for auto-proxying)
2019-07-08 18:19:31.362  INFO 1994 --- [main] trationDelegate$BeanPostProcessorChecker : Bean 'authenticator' of type [org.apache.shiro.authc.pam.ModularRealmAuthenticator] is not eligible for getting processed by all BeanPostProcessors (for example: not eligible for auto-proxying)
2019-07-08 18:19:31.499  INFO 1994 --- [main] trationDelegate$BeanPostProcessorChecker : Bean 'securityManager' of type [org.apache.shiro.web.mgt.DefaultWebSecurityManager] is not eligible for getting processed by all BeanPostProcessors (for example: not eligible for auto-proxying)
2019-07-08 18:19:31.524  INFO 1994 --- [main] trationDelegate$BeanPostProcessorChecker : Bean 'authorizationAttributeSourceAdvisor' of type [org.apache.shiro.spring.security.interceptor.AuthorizationAttributeSourceAdvisor] is not eligible for getting processed by all BeanPostProcessors (for example: not eligible for auto-proxying)
2019-07-08 18:19:31.544  INFO 1994 --- [main] trationDelegate$BeanPostProcessorChecker : Bean 'org.springframework.transaction.annotation.ProxyTransactionManagementConfiguration' of type [org.springframework.transaction.annotation.ProxyTransactionManagementConfiguration$$EnhancerBySpringCGLIB$$c099a498] is not eligible for getting processed by all BeanPostProcessors (for example: not eligible for auto-proxying)
2019-07-08 18:19:31.751  INFO 1994 --- [main] o.s.b.w.embedded.tomcat.TomcatWebServer  : Tomcat initialized with port(s): 8080 (http)
2019-07-08 18:19:31.767  INFO 1994 --- [main] o.apache.catalina.core.StandardService   : Starting service [Tomcat]
2019-07-08 18:19:31.767  INFO 1994 --- [main] org.apache.catalina.core.StandardEngine  : Starting Servlet engine: [Apache Tomcat/9.0.21]
2019-07-08 18:19:31.848  INFO 1994 --- [main] o.a.c.c.C.[Tomcat].[localhost].[/]       : Initializing Spring embedded WebApplicationContext
2019-07-08 18:19:31.849  INFO 1994 --- [main] o.s.web.context.ContextLoader            : Root WebApplicationContext: initialization completed in 1244 ms
2019-07-08 18:19:32.066  INFO 1994 --- [main] com.zaxxer.hikari.HikariDataSource       : HikariPool-1 - Starting...
2019-07-08 18:19:32.184  INFO 1994 --- [main] com.zaxxer.hikari.HikariDataSource       : HikariPool-1 - Start completed.
2019-07-08 18:19:32.215  INFO 1994 --- [main] o.hibernate.jpa.internal.util.LogHelper  : HHH000204: Processing PersistenceUnitInfo [
	name: default
	...]
2019-07-08 18:19:32.252  INFO 1994 --- [main] org.hibernate.Version                    : HHH000412: Hibernate Core {5.3.10.Final}
2019-07-08 18:19:32.253  INFO 1994 --- [main] org.hibernate.cfg.Environment            : HHH000206: hibernate.properties not found
2019-07-08 18:19:32.359  INFO 1994 --- [main] o.hibernate.annotations.common.Version   : HCANN000001: Hibernate Commons Annotations {5.0.4.Final}
2019-07-08 18:19:32.438  INFO 1994 --- [main] org.hibernate.dialect.Dialect            : HHH000400: Using dialect: org.hibernate.dialect.MySQL8Dialect
2019-07-08 18:19:32.848  INFO 1994 --- [main] j.LocalContainerEntityManagerFactoryBean : Initialized JPA EntityManagerFactory for persistence unit 'default'
2019-07-08 18:19:33.119  INFO 1994 --- [main] o.h.h.i.QueryTranslatorFactoryInitiator  : HHH000397: Using ASTQueryTranslatorFactory
2019-07-08 18:19:33.419  INFO 1994 --- [main] o.s.s.concurrent.ThreadPoolTaskExecutor  : Initializing ExecutorService 'applicationTaskExecutor'
2019-07-08 18:19:33.454  WARN 1994 --- [main] aWebConfiguration$JpaWebMvcConfiguration : spring.jpa.open-in-view is enabled by default. Therefore, database queries may be performed during view rendering. Explicitly configure spring.jpa.open-in-view to disable this warning
2019-07-08 18:19:33.871  INFO 1994 --- [main] o.s.b.a.w.s.WelcomePageHandlerMapping    : Adding welcome page template: index
2019-07-08 18:19:33.926  INFO 1994 --- [main] o.s.s.c.ThreadPoolTaskScheduler          : Initializing ExecutorService 'taskScheduler'
2019-07-08 18:19:33.998 DEBUG 1994 --- [scheduling-1] org.hibernate.SQL                        : select task0_.id as id1_0_, task0_.data as data2_0_, task0_.information as informat3_0_, task0_.remain_failed_retry_time as remain_f4_0_, task0_.result as result5_0_, task0_.status as status6_0_, task0_.task_group as task_gro7_0_, task0_.update_time as update_t8_0_, task0_.worker_promise_return_seconds as worker_p9_0_ from task_tab task0_ where task0_.status=?
2019-07-08 18:19:34.004  INFO 1994 --- [main] o.s.b.w.embedded.tomcat.TomcatWebServer  : Tomcat started on port(s): 8080 (http) with context path ''
2019-07-08 18:19:34.006  INFO 1994 --- [main] c.m.f.task_server.TaskServerApplication  : Started TaskServerApplication in 3.914 seconds (JVM running for 4.673)
2019-07-08 18:19:34.044 DEBUG 1994 --- [scheduling-1] org.hibernate.SQL                        : select task0_.id as id1_0_, task0_.data as data2_0_, task0_.information as informat3_0_, task0_.remain_failed_retry_time as remain_f4_0_, task0_.result as result5_0_, task0_.status as status6_0_, task0_.task_group as task_gro7_0_, task0_.update_time as update_t8_0_, task0_.worker_promise_return_seconds as worker_p9_0_ from task_tab task0_ where task0_.status=?
2019-07-08 18:20:55.141  INFO 1994 --- [Thread-11] o.s.s.c.ThreadPoolTaskScheduler          : Shutting down ExecutorService 'taskScheduler'
2019-07-08 18:20:55.144  INFO 1994 --- [Thread-11] o.s.s.concurrent.ThreadPoolTaskExecutor  : Shutting down ExecutorService 'applicationTaskExecutor'
2019-07-08 18:20:55.145  INFO 1994 --- [Thread-11] j.LocalContainerEntityManagerFactoryBean : Closing JPA EntityManagerFactory for persistence unit 'default'
2019-07-08 18:20:55.150  INFO 1994 --- [Thread-11] com.zaxxer.hikari.HikariDataSource       : HikariPool-1 - Shutdown initiated...
2019-07-08 18:20:55.160  INFO 1994 --- [Thread-11] com.zaxxer.hikari.HikariDataSource       : HikariPool-1 - Shutdown completed.
2019-07-08 18:20:57.565  INFO 2044 --- [main] c.m.f.task_server.TaskServerApplication  : Starting TaskServerApplication on Corkines-Mac.local with PID 2044 (started by corkine in /Users/corkine/工作文件夹/codeServer/taskServer)
2019-07-08 18:20:57.569 DEBUG 2044 --- [main] c.m.f.task_server.TaskServerApplication  : Running with Spring Boot v2.1.6.RELEASE, Spring v5.1.8.RELEASE
2019-07-08 18:20:57.569  INFO 2044 --- [main] c.m.f.task_server.TaskServerApplication  : The following profiles are active: test
2019-07-08 18:20:58.308  INFO 2044 --- [main] .s.d.r.c.RepositoryConfigurationDelegate : Bootstrapping Spring Data repositories in DEFAULT mode.
2019-07-08 18:20:58.359  INFO 2044 --- [main] .s.d.r.c.RepositoryConfigurationDelegate : Finished Spring Data repository scanning in 45ms. Found 2 repository interfaces.
2019-07-08 18:20:58.573  INFO 2044 --- [main] trationDelegate$BeanPostProcessorChecker : Bean 'shiroConfig' of type [com.mazhangjing.fast.task_server.security.ShiroConfig$$EnhancerBySpringCGLIB$$72b7af0e] is not eligible for getting processed by all BeanPostProcessors (for example: not eligible for auto-proxying)
2019-07-08 18:20:58.592  INFO 2044 --- [main] trationDelegate$BeanPostProcessorChecker : Bean 'loginService' of type [com.mazhangjing.fast.task_server.service.LoginService] is not eligible for getting processed by all BeanPostProcessors (for example: not eligible for auto-proxying)
2019-07-08 18:20:58.593  INFO 2044 --- [main] trationDelegate$BeanPostProcessorChecker : Bean 'simpleRealm' of type [com.mazhangjing.fast.task_server.security.SimpleRealm] is not eligible for getting processed by all BeanPostProcessors (for example: not eligible for auto-proxying)
2019-07-08 18:20:58.594  INFO 2044 --- [main] trationDelegate$BeanPostProcessorChecker : Bean 'authenticator' of type [org.apache.shiro.authc.pam.ModularRealmAuthenticator] is not eligible for getting processed by all BeanPostProcessors (for example: not eligible for auto-proxying)
2019-07-08 18:20:58.739  INFO 2044 --- [main] trationDelegate$BeanPostProcessorChecker : Bean 'securityManager' of type [org.apache.shiro.web.mgt.DefaultWebSecurityManager] is not eligible for getting processed by all BeanPostProcessors (for example: not eligible for auto-proxying)
2019-07-08 18:20:58.769  INFO 2044 --- [main] trationDelegate$BeanPostProcessorChecker : Bean 'authorizationAttributeSourceAdvisor' of type [org.apache.shiro.spring.security.interceptor.AuthorizationAttributeSourceAdvisor] is not eligible for getting processed by all BeanPostProcessors (for example: not eligible for auto-proxying)
2019-07-08 18:20:58.796  INFO 2044 --- [main] trationDelegate$BeanPostProcessorChecker : Bean 'org.springframework.transaction.annotation.ProxyTransactionManagementConfiguration' of type [org.springframework.transaction.annotation.ProxyTransactionManagementConfiguration$$EnhancerBySpringCGLIB$$91f6916c] is not eligible for getting processed by all BeanPostProcessors (for example: not eligible for auto-proxying)
2019-07-08 18:20:59.023  INFO 2044 --- [main] o.s.b.w.embedded.tomcat.TomcatWebServer  : Tomcat initialized with port(s): 8080 (http)
2019-07-08 18:20:59.040  INFO 2044 --- [main] o.apache.catalina.core.StandardService   : Starting service [Tomcat]
2019-07-08 18:20:59.040  INFO 2044 --- [main] org.apache.catalina.core.StandardEngine  : Starting Servlet engine: [Apache Tomcat/9.0.21]
2019-07-08 18:20:59.129  INFO 2044 --- [main] o.a.c.c.C.[Tomcat].[localhost].[/]       : Initializing Spring embedded WebApplicationContext
2019-07-08 18:20:59.130  INFO 2044 --- [main] o.s.web.context.ContextLoader            : Root WebApplicationContext: initialization completed in 1454 ms
2019-07-08 18:20:59.390  INFO 2044 --- [main] com.zaxxer.hikari.HikariDataSource       : HikariPool-1 - Starting...
2019-07-08 18:20:59.568  INFO 2044 --- [main] com.zaxxer.hikari.HikariDataSource       : HikariPool-1 - Start completed.
2019-07-08 18:20:59.606  INFO 2044 --- [main] o.hibernate.jpa.internal.util.LogHelper  : HHH000204: Processing PersistenceUnitInfo [
	name: default
	...]
2019-07-08 18:20:59.653  INFO 2044 --- [main] org.hibernate.Version                    : HHH000412: Hibernate Core {5.3.10.Final}
2019-07-08 18:20:59.653  INFO 2044 --- [main] org.hibernate.cfg.Environment            : HHH000206: hibernate.properties not found
2019-07-08 18:20:59.778  INFO 2044 --- [main] o.hibernate.annotations.common.Version   : HCANN000001: Hibernate Commons Annotations {5.0.4.Final}
2019-07-08 18:20:59.871  INFO 2044 --- [main] org.hibernate.dialect.Dialect            : HHH000400: Using dialect: org.hibernate.dialect.MySQL8Dialect
2019-07-08 18:21:00.281  INFO 2044 --- [main] j.LocalContainerEntityManagerFactoryBean : Initialized JPA EntityManagerFactory for persistence unit 'default'
2019-07-08 18:21:00.512  INFO 2044 --- [main] o.h.h.i.QueryTranslatorFactoryInitiator  : HHH000397: Using ASTQueryTranslatorFactory
2019-07-08 18:21:00.831  INFO 2044 --- [main] o.s.s.concurrent.ThreadPoolTaskExecutor  : Initializing ExecutorService 'applicationTaskExecutor'
2019-07-08 18:21:00.871  WARN 2044 --- [main] aWebConfiguration$JpaWebMvcConfiguration : spring.jpa.open-in-view is enabled by default. Therefore, database queries may be performed during view rendering. Explicitly configure spring.jpa.open-in-view to disable this warning
2019-07-08 18:21:01.267  INFO 2044 --- [main] o.s.b.a.w.s.WelcomePageHandlerMapping    : Adding welcome page template: index
2019-07-08 18:21:01.322  INFO 2044 --- [main] o.s.s.c.ThreadPoolTaskScheduler          : Initializing ExecutorService 'taskScheduler'
2019-07-08 18:21:01.390 DEBUG 2044 --- [scheduling-1] org.hibernate.SQL                        : select task0_.id as id1_0_, task0_.data as data2_0_, task0_.information as informat3_0_, task0_.remain_failed_retry_time as remain_f4_0_, task0_.result as result5_0_, task0_.status as status6_0_, task0_.task_group as task_gro7_0_, task0_.update_time as update_t8_0_, task0_.worker_promise_return_seconds as worker_p9_0_ from task_tab task0_ where task0_.status=?
2019-07-08 18:21:01.392  INFO 2044 --- [main] o.s.b.w.embedded.tomcat.TomcatWebServer  : Tomcat started on port(s): 8080 (http) with context path ''
2019-07-08 18:21:01.394  INFO 2044 --- [main] c.m.f.task_server.TaskServerApplication  : Started TaskServerApplication in 4.275 seconds (JVM running for 4.834)
2019-07-08 18:21:01.437 DEBUG 2044 --- [scheduling-1] org.hibernate.SQL                        : select task0_.id as id1_0_, task0_.data as data2_0_, task0_.information as informat3_0_, task0_.remain_failed_retry_time as remain_f4_0_, task0_.result as result5_0_, task0_.status as status6_0_, task0_.task_group as task_gro7_0_, task0_.update_time as update_t8_0_, task0_.worker_promise_return_seconds as worker_p9_0_ from task_tab task0_ where task0_.status=?
2019-07-08 18:21:13.267  INFO 2044 --- [http-nio-8080-exec-1] o.a.c.c.C.[Tomcat].[localhost].[/]       : Initializing Spring DispatcherServlet 'dispatcherServlet'
2019-07-08 18:21:13.267  INFO 2044 --- [http-nio-8080-exec-1] o.s.web.servlet.DispatcherServlet        : Initializing Servlet 'dispatcherServlet'
2019-07-08 18:21:13.275  INFO 2044 --- [http-nio-8080-exec-1] o.s.web.servlet.DispatcherServlet        : Completed initialization in 8 ms
2019-07-08 18:23:01.368 DEBUG 2044 --- [scheduling-1] org.hibernate.SQL                        : select task0_.id as id1_0_, task0_.data as data2_0_, task0_.information as informat3_0_, task0_.remain_failed_retry_time as remain_f4_0_, task0_.result as result5_0_, task0_.status as status6_0_, task0_.task_group as task_gro7_0_, task0_.update_time as update_t8_0_, task0_.worker_promise_return_seconds as worker_p9_0_ from task_tab task0_ where task0_.status=?
2019-07-08 18:23:01.380 DEBUG 2044 --- [scheduling-1] org.hibernate.SQL                        : select task0_.id as id1_0_, task0_.data as data2_0_, task0_.information as informat3_0_, task0_.remain_failed_retry_time as remain_f4_0_, task0_.result as result5_0_, task0_.status as status6_0_, task0_.task_group as task_gro7_0_, task0_.update_time as update_t8_0_, task0_.worker_promise_return_seconds as worker_p9_0_ from task_tab task0_ where task0_.status=?
2019-07-08 18:25:01.356 DEBUG 2044 --- [scheduling-1] org.hibernate.SQL                        : select task0_.id as id1_0_, task0_.data as data2_0_, task0_.information as informat3_0_, task0_.remain_failed_retry_time as remain_f4_0_, task0_.result as result5_0_, task0_.status as status6_0_, task0_.task_group as task_gro7_0_, task0_.update_time as update_t8_0_, task0_.worker_promise_return_seconds as worker_p9_0_ from task_tab task0_ where task0_.status=?
2019-07-08 18:25:01.362 DEBUG 2044 --- [scheduling-1] org.hibernate.SQL                        : select task0_.id as id1_0_, task0_.data as data2_0_, task0_.information as informat3_0_, task0_.remain_failed_retry_time as remain_f4_0_, task0_.result as result5_0_, task0_.status as status6_0_, task0_.task_group as task_gro7_0_, task0_.update_time as update_t8_0_, task0_.worker_promise_return_seconds as worker_p9_0_ from task_tab task0_ where task0_.status=?
2019-07-08 18:27:01.354 DEBUG 2044 --- [scheduling-1] org.hibernate.SQL                        : select task0_.id as id1_0_, task0_.data as data2_0_, task0_.information as informat3_0_, task0_.remain_failed_retry_time as remain_f4_0_, task0_.result as result5_0_, task0_.status as status6_0_, task0_.task_group as task_gro7_0_, task0_.update_time as update_t8_0_, task0_.worker_promise_return_seconds as worker_p9_0_ from task_tab task0_ where task0_.status=?
2019-07-08 18:27:01.359 DEBUG 2044 --- [scheduling-1] org.hibernate.SQL                        : select task0_.id as id1_0_, task0_.data as data2_0_, task0_.information as informat3_0_, task0_.remain_failed_retry_time as remain_f4_0_, task0_.result as result5_0_, task0_.status as status6_0_, task0_.task_group as task_gro7_0_, task0_.update_time as update_t8_0_, task0_.worker_promise_return_seconds as worker_p9_0_ from task_tab task0_ where task0_.status=?
2019-07-08 18:29:01.345 DEBUG 2044 --- [scheduling-1] org.hibernate.SQL                        : select task0_.id as id1_0_, task0_.data as data2_0_, task0_.information as informat3_0_, task0_.remain_failed_retry_time as remain_f4_0_, task0_.result as result5_0_, task0_.status as status6_0_, task0_.task_group as task_gro7_0_, task0_.update_time as update_t8_0_, task0_.worker_promise_return_seconds as worker_p9_0_ from task_tab task0_ where task0_.status=?
2019-07-08 18:29:01.349 DEBUG 2044 --- [scheduling-1] org.hibernate.SQL                        : select task0_.id as id1_0_, task0_.data as data2_0_, task0_.information as informat3_0_, task0_.remain_failed_retry_time as remain_f4_0_, task0_.result as result5_0_, task0_.status as status6_0_, task0_.task_group as task_gro7_0_, task0_.update_time as update_t8_0_, task0_.worker_promise_return_seconds as worker_p9_0_ from task_tab task0_ where task0_.status=?
2019-07-08 18:31:01.345 DEBUG 2044 --- [scheduling-1] org.hibernate.SQL                        : select task0_.id as id1_0_, task0_.data as data2_0_, task0_.information as informat3_0_, task0_.remain_failed_retry_time as remain_f4_0_, task0_.result as result5_0_, task0_.status as status6_0_, task0_.task_group as task_gro7_0_, task0_.update_time as update_t8_0_, task0_.worker_promise_return_seconds as worker_p9_0_ from task_tab task0_ where task0_.status=?
2019-07-08 18:31:01.348 DEBUG 2044 --- [scheduling-1] org.hibernate.SQL                        : select task0_.id as id1_0_, task0_.data as data2_0_, task0_.information as informat3_0_, task0_.remain_failed_retry_time as remain_f4_0_, task0_.result as result5_0_, task0_.status as status6_0_, task0_.task_group as task_gro7_0_, task0_.update_time as update_t8_0_, task0_.worker_promise_return_seconds as worker_p9_0_ from task_tab task0_ where task0_.status=?
2019-07-08 18:33:01.338 DEBUG 2044 --- [scheduling-1] org.hibernate.SQL                        : select task0_.id as id1_0_, task0_.data as data2_0_, task0_.information as informat3_0_, task0_.remain_failed_retry_time as remain_f4_0_, task0_.result as result5_0_, task0_.status as status6_0_, task0_.task_group as task_gro7_0_, task0_.update_time as update_t8_0_, task0_.worker_promise_return_seconds as worker_p9_0_ from task_tab task0_ where task0_.status=?
2019-07-08 18:33:01.341 DEBUG 2044 --- [scheduling-1] org.hibernate.SQL                        : select task0_.id as id1_0_, task0_.data as data2_0_, task0_.information as informat3_0_, task0_.remain_failed_retry_time as remain_f4_0_, task0_.result as result5_0_, task0_.status as status6_0_, task0_.task_group as task_gro7_0_, task0_.update_time as update_t8_0_, task0_.worker_promise_return_seconds as worker_p9_0_ from task_tab task0_ where task0_.status=?
2019-07-08 18:35:01.335 DEBUG 2044 --- [scheduling-1] org.hibernate.SQL                        : select task0_.id as id1_0_, task0_.data as data2_0_, task0_.information as informat3_0_, task0_.remain_failed_retry_time as remain_f4_0_, task0_.result as result5_0_, task0_.status as status6_0_, task0_.task_group as task_gro7_0_, task0_.update_time as update_t8_0_, task0_.worker_promise_return_seconds as worker_p9_0_ from task_tab task0_ where task0_.status=?
2019-07-08 18:35:01.338 DEBUG 2044 --- [scheduling-1] org.hibernate.SQL                        : select task0_.id as id1_0_, task0_.data as data2_0_, task0_.information as informat3_0_, task0_.remain_failed_retry_time as remain_f4_0_, task0_.result as result5_0_, task0_.status as status6_0_, task0_.task_group as task_gro7_0_, task0_.update_time as update_t8_0_, task0_.worker_promise_return_seconds as worker_p9_0_ from task_tab task0_ where task0_.status=?
2019-07-08 18:37:01.332 DEBUG 2044 --- [scheduling-1] org.hibernate.SQL                        : select task0_.id as id1_0_, task0_.data as data2_0_, task0_.information as informat3_0_, task0_.remain_failed_retry_time as remain_f4_0_, task0_.result as result5_0_, task0_.status as status6_0_, task0_.task_group as task_gro7_0_, task0_.update_time as update_t8_0_, task0_.worker_promise_return_seconds as worker_p9_0_ from task_tab task0_ where task0_.status=?
2019-07-08 18:37:01.336 DEBUG 2044 --- [scheduling-1] org.hibernate.SQL                        : select task0_.id as id1_0_, task0_.data as data2_0_, task0_.information as informat3_0_, task0_.remain_failed_retry_time as remain_f4_0_, task0_.result as result5_0_, task0_.status as status6_0_, task0_.task_group as task_gro7_0_, task0_.update_time as update_t8_0_, task0_.worker_promise_return_seconds as worker_p9_0_ from task_tab task0_ where task0_.status=?
2019-07-08 18:39:01.325 DEBUG 2044 --- [scheduling-1] org.hibernate.SQL                        : select task0_.id as id1_0_, task0_.data as data2_0_, task0_.information as informat3_0_, task0_.remain_failed_retry_time as remain_f4_0_, task0_.result as result5_0_, task0_.status as status6_0_, task0_.task_group as task_gro7_0_, task0_.update_time as update_t8_0_, task0_.worker_promise_return_seconds as worker_p9_0_ from task_tab task0_ where task0_.status=?
2019-07-08 18:39:01.327 DEBUG 2044 --- [scheduling-1] org.hibernate.SQL                        : select task0_.id as id1_0_, task0_.data as data2_0_, task0_.information as informat3_0_, task0_.remain_failed_retry_time as remain_f4_0_, task0_.result as result5_0_, task0_.status as status6_0_, task0_.task_group as task_gro7_0_, task0_.update_time as update_t8_0_, task0_.worker_promise_return_seconds as worker_p9_0_ from task_tab task0_ where task0_.status=?
2019-07-08 18:41:01.427 DEBUG 2044 --- [scheduling-1] org.hibernate.SQL                        : select task0_.id as id1_0_, task0_.data as data2_0_, task0_.information as informat3_0_, task0_.remain_failed_retry_time as remain_f4_0_, task0_.result as result5_0_, task0_.status as status6_0_, task0_.task_group as task_gro7_0_, task0_.update_time as update_t8_0_, task0_.worker_promise_return_seconds as worker_p9_0_ from task_tab task0_ where task0_.status=?
2019-07-08 18:41:01.438 DEBUG 2044 --- [scheduling-1] org.hibernate.SQL                        : select task0_.id as id1_0_, task0_.data as data2_0_, task0_.information as informat3_0_, task0_.remain_failed_retry_time as remain_f4_0_, task0_.result as result5_0_, task0_.status as status6_0_, task0_.task_group as task_gro7_0_, task0_.update_time as update_t8_0_, task0_.worker_promise_return_seconds as worker_p9_0_ from task_tab task0_ where task0_.status=?
2019-07-08 18:42:30.303  INFO 2044 --- [Thread-11] o.s.s.c.ThreadPoolTaskScheduler          : Shutting down ExecutorService 'taskScheduler'
2019-07-08 18:42:30.305  INFO 2044 --- [Thread-11] o.s.s.concurrent.ThreadPoolTaskExecutor  : Shutting down ExecutorService 'applicationTaskExecutor'
2019-07-08 18:42:30.306  INFO 2044 --- [Thread-11] j.LocalContainerEntityManagerFactoryBean : Closing JPA EntityManagerFactory for persistence unit 'default'
2019-07-08 18:42:30.312  INFO 2044 --- [Thread-11] com.zaxxer.hikari.HikariDataSource       : HikariPool-1 - Shutdown initiated...
2019-07-08 18:42:30.319  INFO 2044 --- [Thread-11] com.zaxxer.hikari.HikariDataSource       : HikariPool-1 - Shutdown completed.
2019-07-08 21:19:01.422  INFO 4237 --- [main] c.m.fast.task_server.TaskServiceTest     : Starting TaskServiceTest on Corkines-Mac.local with PID 4237 (started by corkine in /Users/corkine/工作文件夹/codeServer/taskServer)
2019-07-08 21:19:01.423 DEBUG 4237 --- [main] c.m.fast.task_server.TaskServiceTest     : Running with Spring Boot v2.1.6.RELEASE, Spring v5.1.8.RELEASE
2019-07-08 21:19:01.423  INFO 4237 --- [main] c.m.fast.task_server.TaskServiceTest     : The following profiles are active: test
2019-07-08 21:19:02.282  INFO 4237 --- [main] .s.d.r.c.RepositoryConfigurationDelegate : Bootstrapping Spring Data repositories in DEFAULT mode.
2019-07-08 21:19:02.356  INFO 4237 --- [main] .s.d.r.c.RepositoryConfigurationDelegate : Finished Spring Data repository scanning in 65ms. Found 2 repository interfaces.
2019-07-08 21:19:02.691  INFO 4237 --- [main] trationDelegate$BeanPostProcessorChecker : Bean 'shiroConfig' of type [com.mazhangjing.fast.task_server.security.ShiroConfig$$EnhancerBySpringCGLIB$$49cf0789] is not eligible for getting processed by all BeanPostProcessors (for example: not eligible for auto-proxying)
2019-07-08 21:19:02.738  INFO 4237 --- [main] trationDelegate$BeanPostProcessorChecker : Bean 'loginService' of type [com.mazhangjing.fast.task_server.service.LoginService] is not eligible for getting processed by all BeanPostProcessors (for example: not eligible for auto-proxying)
2019-07-08 21:19:02.739  INFO 4237 --- [main] trationDelegate$BeanPostProcessorChecker : Bean 'simpleRealm' of type [com.mazhangjing.fast.task_server.security.SimpleRealm] is not eligible for getting processed by all BeanPostProcessors (for example: not eligible for auto-proxying)
2019-07-08 21:19:02.745  INFO 4237 --- [main] trationDelegate$BeanPostProcessorChecker : Bean 'authenticator' of type [org.apache.shiro.authc.pam.ModularRealmAuthenticator] is not eligible for getting processed by all BeanPostProcessors (for example: not eligible for auto-proxying)
2019-07-08 21:19:02.963  INFO 4237 --- [main] trationDelegate$BeanPostProcessorChecker : Bean 'securityManager' of type [org.apache.shiro.web.mgt.DefaultWebSecurityManager] is not eligible for getting processed by all BeanPostProcessors (for example: not eligible for auto-proxying)
2019-07-08 21:19:03.025  INFO 4237 --- [main] trationDelegate$BeanPostProcessorChecker : Bean 'authorizationAttributeSourceAdvisor' of type [org.apache.shiro.spring.security.interceptor.AuthorizationAttributeSourceAdvisor] is not eligible for getting processed by all BeanPostProcessors (for example: not eligible for auto-proxying)
2019-07-08 21:19:03.038  INFO 4237 --- [main] trationDelegate$BeanPostProcessorChecker : Bean 'org.springframework.transaction.annotation.ProxyTransactionManagementConfiguration' of type [org.springframework.transaction.annotation.ProxyTransactionManagementConfiguration$$EnhancerBySpringCGLIB$$690de9e7] is not eligible for getting processed by all BeanPostProcessors (for example: not eligible for auto-proxying)
2019-07-08 21:19:03.337  INFO 4237 --- [main] com.zaxxer.hikari.HikariDataSource       : HikariPool-1 - Starting...
2019-07-08 21:19:03.617  INFO 4237 --- [main] com.zaxxer.hikari.HikariDataSource       : HikariPool-1 - Start completed.
2019-07-08 21:19:03.683  INFO 4237 --- [main] o.hibernate.jpa.internal.util.LogHelper  : HHH000204: Processing PersistenceUnitInfo [
	name: default
	...]
2019-07-08 21:19:03.769  INFO 4237 --- [main] org.hibernate.Version                    : HHH000412: Hibernate Core {5.3.10.Final}
2019-07-08 21:19:03.771  INFO 4237 --- [main] org.hibernate.cfg.Environment            : HHH000206: hibernate.properties not found
2019-07-08 21:19:03.952  INFO 4237 --- [main] o.hibernate.annotations.common.Version   : HCANN000001: Hibernate Commons Annotations {5.0.4.Final}
2019-07-08 21:19:04.115  INFO 4237 --- [main] org.hibernate.dialect.Dialect            : HHH000400: Using dialect: org.hibernate.dialect.MySQL8Dialect
2019-07-08 21:19:04.886  INFO 4237 --- [main] j.LocalContainerEntityManagerFactoryBean : Initialized JPA EntityManagerFactory for persistence unit 'default'
2019-07-08 21:19:05.375  INFO 4237 --- [main] o.h.h.i.QueryTranslatorFactoryInitiator  : HHH000397: Using ASTQueryTranslatorFactory
2019-07-08 21:19:06.168  INFO 4237 --- [main] o.s.s.concurrent.ThreadPoolTaskExecutor  : Initializing ExecutorService 'applicationTaskExecutor'
2019-07-08 21:19:06.234  WARN 4237 --- [main] aWebConfiguration$JpaWebMvcConfiguration : spring.jpa.open-in-view is enabled by default. Therefore, database queries may be performed during view rendering. Explicitly configure spring.jpa.open-in-view to disable this warning
2019-07-08 21:19:06.656  INFO 4237 --- [main] o.s.b.a.w.s.WelcomePageHandlerMapping    : Adding welcome page template: index
2019-07-08 21:19:06.799  INFO 4237 --- [main] o.s.s.c.ThreadPoolTaskScheduler          : Initializing ExecutorService 'taskScheduler'
2019-07-08 21:19:06.899  INFO 4237 --- [main] c.m.fast.task_server.TaskServiceTest     : Started TaskServiceTest in 5.874 seconds (JVM running for 6.636)
2019-07-08 21:19:06.927 DEBUG 4237 --- [scheduling-1] org.hibernate.SQL                        : select task0_.id as id1_0_, task0_.data as data2_0_, task0_.information as informat3_0_, task0_.remain_failed_retry_time as remain_f4_0_, task0_.result as result5_0_, task0_.status as status6_0_, task0_.task_group as task_gro7_0_, task0_.update_time as update_t8_0_, task0_.worker_promise_return_seconds as worker_p9_0_ from task_tab task0_ where task0_.status=?
2019-07-08 21:19:06.999 DEBUG 4237 --- [scheduling-1] org.hibernate.SQL                        : select task0_.id as id1_0_, task0_.data as data2_0_, task0_.information as informat3_0_, task0_.remain_failed_retry_time as remain_f4_0_, task0_.result as result5_0_, task0_.status as status6_0_, task0_.task_group as task_gro7_0_, task0_.update_time as update_t8_0_, task0_.worker_promise_return_seconds as worker_p9_0_ from task_tab task0_ where task0_.status=?
2019-07-08 21:19:07.049 DEBUG 4237 --- [main] org.hibernate.SQL                        : select task0_.id as id1_0_, task0_.data as data2_0_, task0_.information as informat3_0_, task0_.remain_failed_retry_time as remain_f4_0_, task0_.result as result5_0_, task0_.status as status6_0_, task0_.task_group as task_gro7_0_, task0_.update_time as update_t8_0_, task0_.worker_promise_return_seconds as worker_p9_0_ from task_tab task0_
2019-07-08 21:19:07.068 DEBUG 4237 --- [main] org.hibernate.SQL                        : select next_val as id_val from hibernate_sequence for update
2019-07-08 21:19:07.070 DEBUG 4237 --- [main] org.hibernate.SQL                        : update hibernate_sequence set next_val= ? where next_val=?
2019-07-08 21:19:07.135 DEBUG 4237 --- [main] org.hibernate.SQL                        : insert into task_tab (data, information, remain_failed_retry_time, result, status, task_group, update_time, worker_promise_return_seconds, id) values (?, ?, ?, ?, ?, ?, ?, ?, ?)
2019-07-08 21:19:07.151 DEBUG 4237 --- [main] org.hibernate.SQL                        : select next_val as id_val from hibernate_sequence for update
2019-07-08 21:19:07.152 DEBUG 4237 --- [main] org.hibernate.SQL                        : update hibernate_sequence set next_val= ? where next_val=?
2019-07-08 21:19:07.157 DEBUG 4237 --- [main] org.hibernate.SQL                        : insert into task_tab (data, information, remain_failed_retry_time, result, status, task_group, update_time, worker_promise_return_seconds, id) values (?, ?, ?, ?, ?, ?, ?, ?, ?)
2019-07-08 21:19:07.171 DEBUG 4237 --- [main] org.hibernate.SQL                        : select task0_.id as id1_0_, task0_.data as data2_0_, task0_.information as informat3_0_, task0_.remain_failed_retry_time as remain_f4_0_, task0_.result as result5_0_, task0_.status as status6_0_, task0_.task_group as task_gro7_0_, task0_.update_time as update_t8_0_, task0_.worker_promise_return_seconds as worker_p9_0_ from task_tab task0_ where task0_.id=?
2019-07-08 21:19:07.193 DEBUG 4237 --- [main] org.hibernate.SQL                        : select task0_.id as id1_0_, task0_.data as data2_0_, task0_.information as informat3_0_, task0_.remain_failed_retry_time as remain_f4_0_, task0_.result as result5_0_, task0_.status as status6_0_, task0_.task_group as task_gro7_0_, task0_.update_time as update_t8_0_, task0_.worker_promise_return_seconds as worker_p9_0_ from task_tab task0_ where task0_.id=?
2019-07-08 21:19:07.203 DEBUG 4237 --- [main] org.hibernate.SQL                        : select task0_.id as id1_0_, task0_.data as data2_0_, task0_.information as informat3_0_, task0_.remain_failed_retry_time as remain_f4_0_, task0_.result as result5_0_, task0_.status as status6_0_, task0_.task_group as task_gro7_0_, task0_.update_time as update_t8_0_, task0_.worker_promise_return_seconds as worker_p9_0_ from task_tab task0_
2019-07-08 21:19:07.230 DEBUG 4237 --- [main] org.hibernate.SQL                        : select task0_.id as id1_0_, task0_.data as data2_0_, task0_.information as informat3_0_, task0_.remain_failed_retry_time as remain_f4_0_, task0_.result as result5_0_, task0_.status as status6_0_, task0_.task_group as task_gro7_0_, task0_.update_time as update_t8_0_, task0_.worker_promise_return_seconds as worker_p9_0_ from task_tab task0_ where task0_.task_group=? and task0_.status=? limit ?
2019-07-08 21:19:07.244 DEBUG 4237 --- [main] org.hibernate.SQL                        : select task0_.id as id1_0_0_, task0_.data as data2_0_0_, task0_.information as informat3_0_0_, task0_.remain_failed_retry_time as remain_f4_0_0_, task0_.result as result5_0_0_, task0_.status as status6_0_0_, task0_.task_group as task_gro7_0_0_, task0_.update_time as update_t8_0_0_, task0_.worker_promise_return_seconds as worker_p9_0_0_ from task_tab task0_ where task0_.id=?
2019-07-08 21:19:07.248 DEBUG 4237 --- [main] org.hibernate.SQL                        : select task0_.id as id1_0_0_, task0_.data as data2_0_0_, task0_.information as informat3_0_0_, task0_.remain_failed_retry_time as remain_f4_0_0_, task0_.result as result5_0_0_, task0_.status as status6_0_0_, task0_.task_group as task_gro7_0_0_, task0_.update_time as update_t8_0_0_, task0_.worker_promise_return_seconds as worker_p9_0_0_ from task_tab task0_ where task0_.id=?
2019-07-08 21:19:07.251 DEBUG 4237 --- [main] org.hibernate.SQL                        : update task_tab set data=?, information=?, remain_failed_retry_time=?, result=?, status=?, task_group=?, update_time=?, worker_promise_return_seconds=? where id=?
2019-07-08 21:19:07.254 DEBUG 4237 --- [main] org.hibernate.SQL                        : update task_tab set data=?, information=?, remain_failed_retry_time=?, result=?, status=?, task_group=?, update_time=?, worker_promise_return_seconds=? where id=?
2019-07-08 21:19:07.279 DEBUG 4237 --- [main] org.hibernate.SQL                        : select task0_.id as id1_0_0_, task0_.data as data2_0_0_, task0_.information as informat3_0_0_, task0_.remain_failed_retry_time as remain_f4_0_0_, task0_.result as result5_0_0_, task0_.status as status6_0_0_, task0_.task_group as task_gro7_0_0_, task0_.update_time as update_t8_0_0_, task0_.worker_promise_return_seconds as worker_p9_0_0_ from task_tab task0_ where task0_.id=?
2019-07-08 21:19:07.281 DEBUG 4237 --- [main] org.hibernate.SQL                        : update task_tab set data=?, information=?, remain_failed_retry_time=?, result=?, status=?, task_group=?, update_time=?, worker_promise_return_seconds=? where id=?
2019-07-08 21:19:07.285 DEBUG 4237 --- [main] org.hibernate.SQL                        : select task0_.id as id1_0_, task0_.data as data2_0_, task0_.information as informat3_0_, task0_.remain_failed_retry_time as remain_f4_0_, task0_.result as result5_0_, task0_.status as status6_0_, task0_.task_group as task_gro7_0_, task0_.update_time as update_t8_0_, task0_.worker_promise_return_seconds as worker_p9_0_ from task_tab task0_ where task0_.id=?
2019-07-08 21:19:07.288 DEBUG 4237 --- [main] org.hibernate.SQL                        : select task0_.id as id1_0_0_, task0_.data as data2_0_0_, task0_.information as informat3_0_0_, task0_.remain_failed_retry_time as remain_f4_0_0_, task0_.result as result5_0_0_, task0_.status as status6_0_0_, task0_.task_group as task_gro7_0_0_, task0_.update_time as update_t8_0_0_, task0_.worker_promise_return_seconds as worker_p9_0_0_ from task_tab task0_ where task0_.id=?
2019-07-08 21:19:07.290 DEBUG 4237 --- [main] org.hibernate.SQL                        : update task_tab set data=?, information=?, remain_failed_retry_time=?, result=?, status=?, task_group=?, update_time=?, worker_promise_return_seconds=? where id=?
2019-07-08 21:19:07.296 DEBUG 4237 --- [main] org.hibernate.SQL                        : select task0_.id as id1_0_0_, task0_.data as data2_0_0_, task0_.information as informat3_0_0_, task0_.remain_failed_retry_time as remain_f4_0_0_, task0_.result as result5_0_0_, task0_.status as status6_0_0_, task0_.task_group as task_gro7_0_0_, task0_.update_time as update_t8_0_0_, task0_.worker_promise_return_seconds as worker_p9_0_0_ from task_tab task0_ where task0_.id=?
2019-07-08 21:19:07.298 DEBUG 4237 --- [main] org.hibernate.SQL                        : update task_tab set data=?, information=?, remain_failed_retry_time=?, result=?, status=?, task_group=?, update_time=?, worker_promise_return_seconds=? where id=?
2019-07-08 21:19:07.301 DEBUG 4237 --- [main] org.hibernate.SQL                        : select task0_.id as id1_0_, task0_.data as data2_0_, task0_.information as informat3_0_, task0_.remain_failed_retry_time as remain_f4_0_, task0_.result as result5_0_, task0_.status as status6_0_, task0_.task_group as task_gro7_0_, task0_.update_time as update_t8_0_, task0_.worker_promise_return_seconds as worker_p9_0_ from task_tab task0_ where task0_.id=?
2019-07-08 21:19:07.310 DEBUG 4237 --- [main] org.hibernate.SQL                        : select task0_.id as id1_0_0_, task0_.data as data2_0_0_, task0_.information as informat3_0_0_, task0_.remain_failed_retry_time as remain_f4_0_0_, task0_.result as result5_0_0_, task0_.status as status6_0_0_, task0_.task_group as task_gro7_0_0_, task0_.update_time as update_t8_0_0_, task0_.worker_promise_return_seconds as worker_p9_0_0_ from task_tab task0_ where task0_.id=?
2019-07-08 21:19:07.312 DEBUG 4237 --- [main] org.hibernate.SQL                        : update task_tab set data=?, information=?, remain_failed_retry_time=?, result=?, status=?, task_group=?, update_time=?, worker_promise_return_seconds=? where id=?
2019-07-08 21:19:07.314 DEBUG 4237 --- [main] org.hibernate.SQL                        : select task0_.id as id1_0_, task0_.data as data2_0_, task0_.information as informat3_0_, task0_.remain_failed_retry_time as remain_f4_0_, task0_.result as result5_0_, task0_.status as status6_0_, task0_.task_group as task_gro7_0_, task0_.update_time as update_t8_0_, task0_.worker_promise_return_seconds as worker_p9_0_ from task_tab task0_ where task0_.id=?
2019-07-08 21:19:07.319 DEBUG 4237 --- [main] org.hibernate.SQL                        : select task0_.id as id1_0_0_, task0_.data as data2_0_0_, task0_.information as informat3_0_0_, task0_.remain_failed_retry_time as remain_f4_0_0_, task0_.result as result5_0_0_, task0_.status as status6_0_0_, task0_.task_group as task_gro7_0_0_, task0_.update_time as update_t8_0_0_, task0_.worker_promise_return_seconds as worker_p9_0_0_ from task_tab task0_ where task0_.id=?
2019-07-08 21:19:07.321 DEBUG 4237 --- [main] org.hibernate.SQL                        : update task_tab set data=?, information=?, remain_failed_retry_time=?, result=?, status=?, task_group=?, update_time=?, worker_promise_return_seconds=? where id=?
2019-07-08 21:19:07.324 DEBUG 4237 --- [main] org.hibernate.SQL                        : select task0_.id as id1_0_, task0_.data as data2_0_, task0_.information as informat3_0_, task0_.remain_failed_retry_time as remain_f4_0_, task0_.result as result5_0_, task0_.status as status6_0_, task0_.task_group as task_gro7_0_, task0_.update_time as update_t8_0_, task0_.worker_promise_return_seconds as worker_p9_0_ from task_tab task0_ where task0_.id=?
2019-07-08 21:19:07.326 DEBUG 4237 --- [main] org.hibernate.SQL                        : select task0_.id as id1_0_0_, task0_.data as data2_0_0_, task0_.information as informat3_0_0_, task0_.remain_failed_retry_time as remain_f4_0_0_, task0_.result as result5_0_0_, task0_.status as status6_0_0_, task0_.task_group as task_gro7_0_0_, task0_.update_time as update_t8_0_0_, task0_.worker_promise_return_seconds as worker_p9_0_0_ from task_tab task0_ where task0_.id=?
2019-07-08 21:19:07.328 DEBUG 4237 --- [main] org.hibernate.SQL                        : update task_tab set data=?, information=?, remain_failed_retry_time=?, result=?, status=?, task_group=?, update_time=?, worker_promise_return_seconds=? where id=?
2019-07-08 21:19:07.336 DEBUG 4237 --- [main] org.hibernate.SQL                        : select next_val as id_val from hibernate_sequence for update
2019-07-08 21:19:07.337 DEBUG 4237 --- [main] org.hibernate.SQL                        : update hibernate_sequence set next_val= ? where next_val=?
2019-07-08 21:19:07.340 DEBUG 4237 --- [main] org.hibernate.SQL                        : select next_val as id_val from hibernate_sequence for update
2019-07-08 21:19:07.341 DEBUG 4237 --- [main] org.hibernate.SQL                        : update hibernate_sequence set next_val= ? where next_val=?
2019-07-08 21:19:07.348 DEBUG 4237 --- [main] org.hibernate.SQL                        : select next_val as id_val from hibernate_sequence for update
2019-07-08 21:19:07.357 DEBUG 4237 --- [main] org.hibernate.SQL                        : update hibernate_sequence set next_val= ? where next_val=?
2019-07-08 21:19:07.361 DEBUG 4237 --- [main] org.hibernate.SQL                        : select next_val as id_val from hibernate_sequence for update
2019-07-08 21:19:07.365 DEBUG 4237 --- [main] org.hibernate.SQL                        : update hibernate_sequence set next_val= ? where next_val=?
2019-07-08 21:19:07.371 DEBUG 4237 --- [main] org.hibernate.SQL                        : select next_val as id_val from hibernate_sequence for update
2019-07-08 21:19:07.372 DEBUG 4237 --- [main] org.hibernate.SQL                        : update hibernate_sequence set next_val= ? where next_val=?
2019-07-08 21:19:07.384 DEBUG 4237 --- [main] org.hibernate.SQL                        : select next_val as id_val from hibernate_sequence for update
2019-07-08 21:19:07.388 DEBUG 4237 --- [main] org.hibernate.SQL                        : update hibernate_sequence set next_val= ? where next_val=?
2019-07-08 21:19:07.396 DEBUG 4237 --- [main] org.hibernate.SQL                        : select next_val as id_val from hibernate_sequence for update
2019-07-08 21:19:07.397 DEBUG 4237 --- [main] org.hibernate.SQL                        : update hibernate_sequence set next_val= ? where next_val=?
2019-07-08 21:19:07.409 DEBUG 4237 --- [main] org.hibernate.SQL                        : select next_val as id_val from hibernate_sequence for update
2019-07-08 21:19:07.410 DEBUG 4237 --- [main] org.hibernate.SQL                        : update hibernate_sequence set next_val= ? where next_val=?
2019-07-08 21:19:07.418 DEBUG 4237 --- [main] org.hibernate.SQL                        : select next_val as id_val from hibernate_sequence for update
2019-07-08 21:19:07.419 DEBUG 4237 --- [main] org.hibernate.SQL                        : update hibernate_sequence set next_val= ? where next_val=?
2019-07-08 21:19:07.424 DEBUG 4237 --- [main] org.hibernate.SQL                        : insert into task_tab (data, information, remain_failed_retry_time, result, status, task_group, update_time, worker_promise_return_seconds, id) values (?, ?, ?, ?, ?, ?, ?, ?, ?)
2019-07-08 21:19:07.425 DEBUG 4237 --- [main] org.hibernate.SQL                        : insert into task_tab (data, information, remain_failed_retry_time, result, status, task_group, update_time, worker_promise_return_seconds, id) values (?, ?, ?, ?, ?, ?, ?, ?, ?)
2019-07-08 21:19:07.432 DEBUG 4237 --- [main] org.hibernate.SQL                        : insert into task_tab (data, information, remain_failed_retry_time, result, status, task_group, update_time, worker_promise_return_seconds, id) values (?, ?, ?, ?, ?, ?, ?, ?, ?)
2019-07-08 21:19:07.435 DEBUG 4237 --- [main] org.hibernate.SQL                        : insert into task_tab (data, information, remain_failed_retry_time, result, status, task_group, update_time, worker_promise_return_seconds, id) values (?, ?, ?, ?, ?, ?, ?, ?, ?)
2019-07-08 21:19:07.436 DEBUG 4237 --- [main] org.hibernate.SQL                        : insert into task_tab (data, information, remain_failed_retry_time, result, status, task_group, update_time, worker_promise_return_seconds, id) values (?, ?, ?, ?, ?, ?, ?, ?, ?)
2019-07-08 21:19:07.439 DEBUG 4237 --- [main] org.hibernate.SQL                        : insert into task_tab (data, information, remain_failed_retry_time, result, status, task_group, update_time, worker_promise_return_seconds, id) values (?, ?, ?, ?, ?, ?, ?, ?, ?)
2019-07-08 21:19:07.444 DEBUG 4237 --- [main] org.hibernate.SQL                        : insert into task_tab (data, information, remain_failed_retry_time, result, status, task_group, update_time, worker_promise_return_seconds, id) values (?, ?, ?, ?, ?, ?, ?, ?, ?)
2019-07-08 21:19:07.446 DEBUG 4237 --- [main] org.hibernate.SQL                        : insert into task_tab (data, information, remain_failed_retry_time, result, status, task_group, update_time, worker_promise_return_seconds, id) values (?, ?, ?, ?, ?, ?, ?, ?, ?)
2019-07-08 21:19:07.452 DEBUG 4237 --- [main] org.hibernate.SQL                        : insert into task_tab (data, information, remain_failed_retry_time, result, status, task_group, update_time, worker_promise_return_seconds, id) values (?, ?, ?, ?, ?, ?, ?, ?, ?)
2019-07-08 21:19:07.458 DEBUG 4237 --- [main] org.hibernate.SQL                        : select task0_.id as id1_0_, task0_.data as data2_0_, task0_.information as informat3_0_, task0_.remain_failed_retry_time as remain_f4_0_, task0_.result as result5_0_, task0_.status as status6_0_, task0_.task_group as task_gro7_0_, task0_.update_time as update_t8_0_, task0_.worker_promise_return_seconds as worker_p9_0_ from task_tab task0_
2019-07-08 21:19:07.469 DEBUG 4237 --- [main] org.hibernate.SQL                        : select task0_.id as id1_0_, task0_.data as data2_0_, task0_.information as informat3_0_, task0_.remain_failed_retry_time as remain_f4_0_, task0_.result as result5_0_, task0_.status as status6_0_, task0_.task_group as task_gro7_0_, task0_.update_time as update_t8_0_, task0_.worker_promise_return_seconds as worker_p9_0_ from task_tab task0_
2019-07-08 21:19:07.510 DEBUG 4237 --- [main] org.hibernate.SQL                        : delete from task_tab where id=?
2019-07-08 21:19:07.512 DEBUG 4237 --- [main] org.hibernate.SQL                        : delete from task_tab where id=?
2019-07-08 21:19:07.513 DEBUG 4237 --- [main] org.hibernate.SQL                        : delete from task_tab where id=?
2019-07-08 21:19:07.513 DEBUG 4237 --- [main] org.hibernate.SQL                        : delete from task_tab where id=?
2019-07-08 21:19:07.514 DEBUG 4237 --- [main] org.hibernate.SQL                        : delete from task_tab where id=?
2019-07-08 21:19:07.515 DEBUG 4237 --- [main] org.hibernate.SQL                        : delete from task_tab where id=?
2019-07-08 21:19:07.516 DEBUG 4237 --- [main] org.hibernate.SQL                        : delete from task_tab where id=?
2019-07-08 21:19:07.516 DEBUG 4237 --- [main] org.hibernate.SQL                        : delete from task_tab where id=?
2019-07-08 21:19:07.517 DEBUG 4237 --- [main] org.hibernate.SQL                        : delete from task_tab where id=?
2019-07-08 21:19:07.518 DEBUG 4237 --- [main] org.hibernate.SQL                        : delete from task_tab where id=?
2019-07-08 21:19:07.518 DEBUG 4237 --- [main] org.hibernate.SQL                        : delete from task_tab where id=?
2019-07-08 21:19:07.522  INFO 4237 --- [main] .b.t.c.SpringBootTestContextBootstrapper : Neither @ContextConfiguration nor @ContextHierarchy found for test class [com.mazhangjing.fast.task_server.TaskDaoTest], using SpringBootContextLoader
2019-07-08 21:19:07.523  INFO 4237 --- [main] o.s.t.c.support.AbstractContextLoader    : Could not detect default resource locations for test class [com.mazhangjing.fast.task_server.TaskDaoTest]: no resource found for suffixes {-context.xml, Context.groovy}.
2019-07-08 21:19:07.523  INFO 4237 --- [main] t.c.s.AnnotationConfigContextLoaderUtils : Could not detect default configuration classes for test class [com.mazhangjing.fast.task_server.TaskDaoTest]: TaskDaoTest does not declare any static, non-private, non-final, nested classes annotated with @Configuration.
2019-07-08 21:19:07.524  INFO 4237 --- [main] .b.t.c.SpringBootTestContextBootstrapper : Found @SpringBootConfiguration com.mazhangjing.fast.task_server.TaskServerApplication for test class com.mazhangjing.fast.task_server.TaskDaoTest
2019-07-08 21:19:07.525  INFO 4237 --- [main] .b.t.c.SpringBootTestContextBootstrapper : Loaded default TestExecutionListener class names from location [META-INF/spring.factories]: [org.springframework.boot.test.mock.mockito.MockitoTestExecutionListener, org.springframework.boot.test.mock.mockito.ResetMocksTestExecutionListener, org.springframework.boot.test.autoconfigure.restdocs.RestDocsTestExecutionListener, org.springframework.boot.test.autoconfigure.web.client.MockRestServiceServerResetTestExecutionListener, org.springframework.boot.test.autoconfigure.web.servlet.MockMvcPrintOnlyOnFailureTestExecutionListener, org.springframework.boot.test.autoconfigure.web.servlet.WebDriverTestExecutionListener, org.springframework.test.context.web.ServletTestExecutionListener, org.springframework.test.context.support.DirtiesContextBeforeModesTestExecutionListener, org.springframework.test.context.support.DependencyInjectionTestExecutionListener, org.springframework.test.context.support.DirtiesContextTestExecutionListener, org.springframework.test.context.transaction.TransactionalTestExecutionListener, org.springframework.test.context.jdbc.SqlScriptsTestExecutionListener]
2019-07-08 21:19:07.526  INFO 4237 --- [main] .b.t.c.SpringBootTestContextBootstrapper : Using TestExecutionListeners: [org.springframework.test.context.web.ServletTestExecutionListener@1fca53a7, org.springframework.test.context.support.DirtiesContextBeforeModesTestExecutionListener@40dee07b, org.springframework.boot.test.mock.mockito.MockitoTestExecutionListener@21e39b82, org.springframework.boot.test.autoconfigure.SpringBootDependencyInjectionTestExecutionListener@5f9a8ddc, org.springframework.test.context.support.DirtiesContextTestExecutionListener@1280bae3, org.springframework.test.context.transaction.TransactionalTestExecutionListener@256a5df0, org.springframework.test.context.jdbc.SqlScriptsTestExecutionListener@1868ed54, org.springframework.boot.test.mock.mockito.ResetMocksTestExecutionListener@131777e8, org.springframework.boot.test.autoconfigure.restdocs.RestDocsTestExecutionListener@45790cb, org.springframework.boot.test.autoconfigure.web.client.MockRestServiceServerResetTestExecutionListener@73a5d86c, org.springframework.boot.test.autoconfigure.web.servlet.MockMvcPrintOnlyOnFailureTestExecutionListener@2cf88901, org.springframework.boot.test.autoconfigure.web.servlet.WebDriverTestExecutionListener@4780341]
2019-07-08 21:19:07.531 DEBUG 4237 --- [main] org.hibernate.SQL                        : select task0_.id as id1_0_, task0_.data as data2_0_, task0_.information as informat3_0_, task0_.remain_failed_retry_time as remain_f4_0_, task0_.result as result5_0_, task0_.status as status6_0_, task0_.task_group as task_gro7_0_, task0_.update_time as update_t8_0_, task0_.worker_promise_return_seconds as worker_p9_0_ from task_tab task0_
2019-07-08 21:19:07.563 DEBUG 4237 --- [main] org.hibernate.SQL                        : select next_val as id_val from hibernate_sequence for update
2019-07-08 21:19:07.564 DEBUG 4237 --- [main] org.hibernate.SQL                        : update hibernate_sequence set next_val= ? where next_val=?
2019-07-08 21:19:07.569 DEBUG 4237 --- [main] org.hibernate.SQL                        : insert into task_tab (data, information, remain_failed_retry_time, result, status, task_group, update_time, worker_promise_return_seconds, id) values (?, ?, ?, ?, ?, ?, ?, ?, ?)
2019-07-08 21:19:07.576 DEBUG 4237 --- [main] org.hibernate.SQL                        : select task0_.id as id1_0_, task0_.data as data2_0_, task0_.information as informat3_0_, task0_.remain_failed_retry_time as remain_f4_0_, task0_.result as result5_0_, task0_.status as status6_0_, task0_.task_group as task_gro7_0_, task0_.update_time as update_t8_0_, task0_.worker_promise_return_seconds as worker_p9_0_ from task_tab task0_ where task0_.id=?
2019-07-08 21:19:07.579 DEBUG 4237 --- [main] org.hibernate.SQL                        : select task0_.id as id1_0_, task0_.data as data2_0_, task0_.information as informat3_0_, task0_.remain_failed_retry_time as remain_f4_0_, task0_.result as result5_0_, task0_.status as status6_0_, task0_.task_group as task_gro7_0_, task0_.update_time as update_t8_0_, task0_.worker_promise_return_seconds as worker_p9_0_ from task_tab task0_ where task0_.id=?
2019-07-08 21:19:07.585 DEBUG 4237 --- [main] org.hibernate.SQL                        : select task0_.id as id1_0_, task0_.data as data2_0_, task0_.information as informat3_0_, task0_.remain_failed_retry_time as remain_f4_0_, task0_.result as result5_0_, task0_.status as status6_0_, task0_.task_group as task_gro7_0_, task0_.update_time as update_t8_0_, task0_.worker_promise_return_seconds as worker_p9_0_ from task_tab task0_ where task0_.update_time>?
2019-07-08 21:19:07.589 DEBUG 4237 --- [main] org.hibernate.SQL                        : select task0_.id as id1_0_0_, task0_.data as data2_0_0_, task0_.information as informat3_0_0_, task0_.remain_failed_retry_time as remain_f4_0_0_, task0_.result as result5_0_0_, task0_.status as status6_0_0_, task0_.task_group as task_gro7_0_0_, task0_.update_time as update_t8_0_0_, task0_.worker_promise_return_seconds as worker_p9_0_0_ from task_tab task0_ where task0_.id=?
2019-07-08 21:19:07.593 DEBUG 4237 --- [main] org.hibernate.SQL                        : update task_tab set data=?, information=?, remain_failed_retry_time=?, result=?, status=?, task_group=?, update_time=?, worker_promise_return_seconds=? where id=?
2019-07-08 21:19:07.639  INFO 4237 --- [Thread-2] o.s.s.c.ThreadPoolTaskScheduler          : Shutting down ExecutorService 'taskScheduler'
2019-07-08 21:19:07.641  INFO 4237 --- [Thread-2] o.s.s.concurrent.ThreadPoolTaskExecutor  : Shutting down ExecutorService 'applicationTaskExecutor'
2019-07-08 21:19:07.643  INFO 4237 --- [Thread-2] j.LocalContainerEntityManagerFactoryBean : Closing JPA EntityManagerFactory for persistence unit 'default'
2019-07-08 21:19:07.645  INFO 4237 --- [Thread-2] com.zaxxer.hikari.HikariDataSource       : HikariPool-1 - Shutdown initiated...
2019-07-08 21:19:07.652  INFO 4237 --- [Thread-2] com.zaxxer.hikari.HikariDataSource       : HikariPool-1 - Shutdown completed.
2019-07-08 21:39:11.559  INFO 4965 --- [main] c.m.f.task_server.TaskServerApplication  : Starting TaskServerApplication on Corkines-Mac.local with PID 4965 (started by corkine in /Users/corkine/工作文件夹/codeServer/taskServer)
2019-07-08 21:39:11.581 DEBUG 4965 --- [main] c.m.f.task_server.TaskServerApplication  : Running with Spring Boot v2.1.6.RELEASE, Spring v5.1.8.RELEASE
2019-07-08 21:39:11.582  INFO 4965 --- [main] c.m.f.task_server.TaskServerApplication  : The following profiles are active: test
2019-07-08 21:39:12.462  INFO 4965 --- [main] .s.d.r.c.RepositoryConfigurationDelegate : Bootstrapping Spring Data repositories in DEFAULT mode.
2019-07-08 21:39:12.546  INFO 4965 --- [main] .s.d.r.c.RepositoryConfigurationDelegate : Finished Spring Data repository scanning in 72ms. Found 2 repository interfaces.
2019-07-08 21:39:12.818  INFO 4965 --- [main] trationDelegate$BeanPostProcessorChecker : Bean 'shiroConfig' of type [com.mazhangjing.fast.task_server.security.ShiroConfig$$EnhancerBySpringCGLIB$$22f9184e] is not eligible for getting processed by all BeanPostProcessors (for example: not eligible for auto-proxying)
2019-07-08 21:39:12.848  INFO 4965 --- [main] trationDelegate$BeanPostProcessorChecker : Bean 'loginService' of type [com.mazhangjing.fast.task_server.service.LoginService] is not eligible for getting processed by all BeanPostProcessors (for example: not eligible for auto-proxying)
2019-07-08 21:39:12.849  INFO 4965 --- [main] trationDelegate$BeanPostProcessorChecker : Bean 'simpleRealm' of type [com.mazhangjing.fast.task_server.security.SimpleRealm] is not eligible for getting processed by all BeanPostProcessors (for example: not eligible for auto-proxying)
2019-07-08 21:39:12.851  INFO 4965 --- [main] trationDelegate$BeanPostProcessorChecker : Bean 'authenticator' of type [org.apache.shiro.authc.pam.ModularRealmAuthenticator] is not eligible for getting processed by all BeanPostProcessors (for example: not eligible for auto-proxying)
2019-07-08 21:39:13.062  INFO 4965 --- [main] trationDelegate$BeanPostProcessorChecker : Bean 'securityManager' of type [org.apache.shiro.web.mgt.DefaultWebSecurityManager] is not eligible for getting processed by all BeanPostProcessors (for example: not eligible for auto-proxying)
2019-07-08 21:39:13.118  INFO 4965 --- [main] trationDelegate$BeanPostProcessorChecker : Bean 'authorizationAttributeSourceAdvisor' of type [org.apache.shiro.spring.security.interceptor.AuthorizationAttributeSourceAdvisor] is not eligible for getting processed by all BeanPostProcessors (for example: not eligible for auto-proxying)
2019-07-08 21:39:13.143  INFO 4965 --- [main] trationDelegate$BeanPostProcessorChecker : Bean 'org.springframework.transaction.annotation.ProxyTransactionManagementConfiguration' of type [org.springframework.transaction.annotation.ProxyTransactionManagementConfiguration$$EnhancerBySpringCGLIB$$4237faac] is not eligible for getting processed by all BeanPostProcessors (for example: not eligible for auto-proxying)
2019-07-08 21:39:13.480  INFO 4965 --- [main] o.s.b.w.embedded.tomcat.TomcatWebServer  : Tomcat initialized with port(s): 8080 (http)
2019-07-08 21:39:13.505  INFO 4965 --- [main] o.apache.catalina.core.StandardService   : Starting service [Tomcat]
2019-07-08 21:39:13.506  INFO 4965 --- [main] org.apache.catalina.core.StandardEngine  : Starting Servlet engine: [Apache Tomcat/9.0.21]
2019-07-08 21:39:13.627  INFO 4965 --- [main] o.a.c.c.C.[Tomcat].[localhost].[/]       : Initializing Spring embedded WebApplicationContext
2019-07-08 21:39:13.627  INFO 4965 --- [main] o.s.web.context.ContextLoader            : Root WebApplicationContext: initialization completed in 1923 ms
2019-07-08 21:39:13.922  INFO 4965 --- [main] com.zaxxer.hikari.HikariDataSource       : HikariPool-1 - Starting...
2019-07-08 21:39:14.151  INFO 4965 --- [main] com.zaxxer.hikari.HikariDataSource       : HikariPool-1 - Start completed.
2019-07-08 21:39:14.203  INFO 4965 --- [main] o.hibernate.jpa.internal.util.LogHelper  : HHH000204: Processing PersistenceUnitInfo [
	name: default
	...]
2019-07-08 21:39:14.306  INFO 4965 --- [main] org.hibernate.Version                    : HHH000412: Hibernate Core {5.3.10.Final}
2019-07-08 21:39:14.307  INFO 4965 --- [main] org.hibernate.cfg.Environment            : HHH000206: hibernate.properties not found
2019-07-08 21:39:14.515  INFO 4965 --- [main] o.hibernate.annotations.common.Version   : HCANN000001: Hibernate Commons Annotations {5.0.4.Final}
2019-07-08 21:39:14.648  INFO 4965 --- [main] org.hibernate.dialect.Dialect            : HHH000400: Using dialect: org.hibernate.dialect.MySQL8Dialect
2019-07-08 21:39:15.345  INFO 4965 --- [main] j.LocalContainerEntityManagerFactoryBean : Initialized JPA EntityManagerFactory for persistence unit 'default'
2019-07-08 21:39:15.747  INFO 4965 --- [main] o.h.h.i.QueryTranslatorFactoryInitiator  : HHH000397: Using ASTQueryTranslatorFactory
2019-07-08 21:39:16.158  INFO 4965 --- [main] o.s.s.concurrent.ThreadPoolTaskExecutor  : Initializing ExecutorService 'applicationTaskExecutor'
2019-07-08 21:39:16.213  WARN 4965 --- [main] aWebConfiguration$JpaWebMvcConfiguration : spring.jpa.open-in-view is enabled by default. Therefore, database queries may be performed during view rendering. Explicitly configure spring.jpa.open-in-view to disable this warning
2019-07-08 21:39:16.669  INFO 4965 --- [main] o.s.b.a.w.s.WelcomePageHandlerMapping    : Adding welcome page template: index
2019-07-08 21:39:16.742  INFO 4965 --- [main] o.s.s.c.ThreadPoolTaskScheduler          : Initializing ExecutorService 'taskScheduler'
2019-07-08 21:39:16.819 DEBUG 4965 --- [scheduling-1] org.hibernate.SQL                        : select task0_.id as id1_0_, task0_.data as data2_0_, task0_.information as informat3_0_, task0_.remain_failed_retry_time as remain_f4_0_, task0_.result as result5_0_, task0_.status as status6_0_, task0_.task_group as task_gro7_0_, task0_.update_time as update_t8_0_, task0_.worker_promise_return_seconds as worker_p9_0_ from task_tab task0_ where task0_.status=?
2019-07-08 21:39:16.822  INFO 4965 --- [main] o.s.b.w.embedded.tomcat.TomcatWebServer  : Tomcat started on port(s): 8080 (http) with context path ''
2019-07-08 21:39:16.825  INFO 4965 --- [main] c.m.f.task_server.TaskServerApplication  : Started TaskServerApplication in 5.919 seconds (JVM running for 7.042)
2019-07-08 21:39:16.870 DEBUG 4965 --- [scheduling-1] org.hibernate.SQL                        : select task0_.id as id1_0_, task0_.data as data2_0_, task0_.information as informat3_0_, task0_.remain_failed_retry_time as remain_f4_0_, task0_.result as result5_0_, task0_.status as status6_0_, task0_.task_group as task_gro7_0_, task0_.update_time as update_t8_0_, task0_.worker_promise_return_seconds as worker_p9_0_ from task_tab task0_ where task0_.status=?
2019-07-08 21:39:34.465  INFO 4965 --- [http-nio-8080-exec-1] o.a.c.c.C.[Tomcat].[localhost].[/]       : Initializing Spring DispatcherServlet 'dispatcherServlet'
2019-07-08 21:39:34.465  INFO 4965 --- [http-nio-8080-exec-1] o.s.web.servlet.DispatcherServlet        : Initializing Servlet 'dispatcherServlet'
2019-07-08 21:39:34.475  INFO 4965 --- [http-nio-8080-exec-1] o.s.web.servlet.DispatcherServlet        : Completed initialization in 9 ms
2019-07-08 21:40:24.780  INFO 4965 --- [Thread-14] o.s.s.c.ThreadPoolTaskScheduler          : Shutting down ExecutorService 'taskScheduler'
2019-07-08 21:40:24.781  INFO 4965 --- [Thread-14] o.s.s.concurrent.ThreadPoolTaskExecutor  : Shutting down ExecutorService 'applicationTaskExecutor'
2019-07-08 21:40:24.782  INFO 4965 --- [Thread-14] j.LocalContainerEntityManagerFactoryBean : Closing JPA EntityManagerFactory for persistence unit 'default'
2019-07-08 21:40:24.784  INFO 4965 --- [Thread-14] com.zaxxer.hikari.HikariDataSource       : HikariPool-1 - Shutdown initiated...
2019-07-08 21:40:24.787  INFO 4965 --- [Thread-14] com.zaxxer.hikari.HikariDataSource       : HikariPool-1 - Shutdown completed.
